mode: set
github.com/blend/go-sdk/airbrake/config.go:15.34,21.2 1 0
github.com/blend/go-sdk/airbrake/config.go:24.31,26.2 1 0
github.com/blend/go-sdk/airbrake/listener.go:16.54,17.32 1 0
github.com/blend/go-sdk/airbrake/listener.go:20.2,21.89 2 0
github.com/blend/go-sdk/airbrake/listener.go:31.2,32.50 2 0
github.com/blend/go-sdk/airbrake/listener.go:17.32,19.3 1 0
github.com/blend/go-sdk/airbrake/listener.go:21.89,22.22 1 0
github.com/blend/go-sdk/airbrake/listener.go:29.3,29.24 1 0
github.com/blend/go-sdk/airbrake/listener.go:22.22,24.10 2 0
github.com/blend/go-sdk/airbrake/listener.go:24.10,27.5 2 0
github.com/blend/go-sdk/airbrake/notice.go:13.68,16.39 2 0
github.com/blend/go-sdk/airbrake/notice.go:50.2,50.40 1 0
github.com/blend/go-sdk/airbrake/notice.go:53.2,56.16 2 0
github.com/blend/go-sdk/airbrake/notice.go:64.2,64.15 1 0
github.com/blend/go-sdk/airbrake/notice.go:16.39,24.77 3 0
github.com/blend/go-sdk/airbrake/notice.go:31.3,37.4 1 0
github.com/blend/go-sdk/airbrake/notice.go:24.77,30.4 1 0
github.com/blend/go-sdk/airbrake/notice.go:38.8,49.3 1 0
github.com/blend/go-sdk/airbrake/notice.go:50.40,52.3 1 0
github.com/blend/go-sdk/airbrake/notice.go:56.16,59.48 3 0
github.com/blend/go-sdk/airbrake/notice.go:62.3,62.58 1 0
github.com/blend/go-sdk/airbrake/notice.go:59.48,61.4 1 0
github.com/blend/go-sdk/airbrake/notice.go:67.64,68.47 1 2
github.com/blend/go-sdk/airbrake/notice.go:79.2,79.8 1 2
github.com/blend/go-sdk/airbrake/notice.go:68.47,70.29 2 1
github.com/blend/go-sdk/airbrake/notice.go:70.29,77.4 2 3
github.com/blend/go-sdk/airbrake/notifier.go:21.36,23.16 2 0
github.com/blend/go-sdk/airbrake/notifier.go:26.2,26.17 1 0
github.com/blend/go-sdk/airbrake/notifier.go:23.16,24.13 1 0
github.com/blend/go-sdk/airbrake/notifier.go:30.41,32.16 2 0
github.com/blend/go-sdk/airbrake/notifier.go:36.2,43.64 2 0
github.com/blend/go-sdk/airbrake/notifier.go:52.2,54.8 1 0
github.com/blend/go-sdk/airbrake/notifier.go:32.16,34.3 1 0
github.com/blend/go-sdk/airbrake/notifier.go:43.64,46.36 1 0
github.com/blend/go-sdk/airbrake/notifier.go:49.3,49.16 1 0
github.com/blend/go-sdk/airbrake/notifier.go:46.36,48.4 1 0
github.com/blend/go-sdk/airbrake/notifier.go:63.50,66.2 2 0
github.com/blend/go-sdk/airbrake/notifier.go:69.80,72.2 2 0
github.com/blend/go-sdk/airbrake/notifier.go:74.49,75.31 1 0
github.com/blend/go-sdk/airbrake/notifier.go:99.2,99.23 1 0
github.com/blend/go-sdk/airbrake/notifier.go:75.31,87.42 2 0
github.com/blend/go-sdk/airbrake/notifier.go:91.3,91.40 1 0
github.com/blend/go-sdk/airbrake/notifier.go:95.3,95.40 1 0
github.com/blend/go-sdk/airbrake/notifier.go:87.42,89.4 1 0
github.com/blend/go-sdk/airbrake/notifier.go:91.40,93.4 1 0
github.com/blend/go-sdk/airbrake/notifier.go:95.40,97.4 1 0
github.com/blend/go-sdk/ansi/table.go:32.64,35.31 2 2
github.com/blend/go-sdk/ansi/table.go:39.2,39.32 1 2
github.com/blend/go-sdk/ansi/table.go:43.2,44.61 2 2
github.com/blend/go-sdk/ansi/table.go:48.2,49.49 2 2
github.com/blend/go-sdk/ansi/table.go:53.2,55.38 3 2
github.com/blend/go-sdk/ansi/table.go:64.2,64.33 1 2
github.com/blend/go-sdk/ansi/table.go:35.31,37.3 1 0
github.com/blend/go-sdk/ansi/table.go:39.32,41.3 1 0
github.com/blend/go-sdk/ansi/table.go:44.61,46.3 1 2
github.com/blend/go-sdk/ansi/table.go:49.49,51.3 1 4
github.com/blend/go-sdk/ansi/table.go:55.38,58.65 3 6
github.com/blend/go-sdk/ansi/table.go:61.3,61.33 1 6
github.com/blend/go-sdk/ansi/table.go:58.65,60.4 1 12
github.com/blend/go-sdk/ansi/table.go:68.73,69.23 1 5
github.com/blend/go-sdk/ansi/table.go:74.2,74.15 1 4
github.com/blend/go-sdk/ansi/table.go:81.2,81.28 1 4
github.com/blend/go-sdk/ansi/table.go:90.2,91.41 2 4
github.com/blend/go-sdk/ansi/table.go:95.2,96.28 2 4
github.com/blend/go-sdk/ansi/table.go:107.2,108.29 2 4
github.com/blend/go-sdk/ansi/table.go:114.2,120.42 4 3
github.com/blend/go-sdk/ansi/table.go:126.2,132.29 4 3
github.com/blend/go-sdk/ansi/table.go:138.2,143.27 3 3
github.com/blend/go-sdk/ansi/table.go:157.2,158.29 2 3
github.com/blend/go-sdk/ansi/table.go:164.2,167.8 3 3
github.com/blend/go-sdk/ansi/table.go:69.23,71.3 1 1
github.com/blend/go-sdk/ansi/table.go:74.15,75.31 1 4
github.com/blend/go-sdk/ansi/table.go:75.31,76.34 1 1
github.com/blend/go-sdk/ansi/table.go:76.34,78.5 1 1
github.com/blend/go-sdk/ansi/table.go:81.28,83.22 2 126
github.com/blend/go-sdk/ansi/table.go:83.22,84.19 1 1
github.com/blend/go-sdk/ansi/table.go:91.41,93.3 1 9
github.com/blend/go-sdk/ansi/table.go:96.28,97.40 1 11
github.com/blend/go-sdk/ansi/table.go:97.40,99.32 2 25
github.com/blend/go-sdk/ansi/table.go:99.32,101.5 1 1
github.com/blend/go-sdk/ansi/table.go:108.29,110.32 2 9
github.com/blend/go-sdk/ansi/table.go:110.32,112.4 1 5
github.com/blend/go-sdk/ansi/table.go:120.42,122.32 2 6
github.com/blend/go-sdk/ansi/table.go:122.32,124.4 1 3
github.com/blend/go-sdk/ansi/table.go:132.29,134.32 2 6
github.com/blend/go-sdk/ansi/table.go:134.32,136.4 1 3
github.com/blend/go-sdk/ansi/table.go:143.27,145.34 2 8
github.com/blend/go-sdk/ansi/table.go:151.3,152.17 2 8
github.com/blend/go-sdk/ansi/table.go:145.34,147.33 2 16
github.com/blend/go-sdk/ansi/table.go:147.33,149.5 1 8
github.com/blend/go-sdk/ansi/table.go:158.29,160.32 2 6
github.com/blend/go-sdk/ansi/table.go:160.32,162.4 1 3
github.com/blend/go-sdk/ansi/table.go:170.44,173.26 3 56
github.com/blend/go-sdk/ansi/table.go:181.2,181.8 1 56
github.com/blend/go-sdk/ansi/table.go:173.26,175.20 2 124
github.com/blend/go-sdk/ansi/table.go:175.20,177.4 1 6
github.com/blend/go-sdk/ansi/table.go:177.9,179.4 1 118
github.com/blend/go-sdk/ansi/table.go:184.43,186.2 1 21
github.com/blend/go-sdk/ansi/table.go:188.47,191.17 3 22
github.com/blend/go-sdk/ansi/table.go:194.2,194.44 1 14
github.com/blend/go-sdk/ansi/table.go:191.17,193.3 1 8
github.com/blend/go-sdk/ansi/table.go:197.49,199.2 1 42
github.com/blend/go-sdk/ansi/table.go:201.46,203.2 1 0
github.com/blend/go-sdk/ansi/color.go:4.32,6.2 1 1
github.com/blend/go-sdk/ansi/color.go:9.30,11.2 1 1
github.com/blend/go-sdk/ansi/color.go:14.32,16.2 1 1
github.com/blend/go-sdk/ansi/color.go:19.33,21.2 1 1
github.com/blend/go-sdk/ansi/color.go:24.31,26.2 1 1
github.com/blend/go-sdk/ansi/color.go:29.33,31.2 1 1
github.com/blend/go-sdk/ansi/color.go:34.31,36.2 1 1
github.com/blend/go-sdk/ansi/color.go:39.32,41.2 1 1
github.com/blend/go-sdk/ansi/color.go:44.37,46.2 1 1
github.com/blend/go-sdk/ansi/color.go:49.35,51.2 1 1
github.com/blend/go-sdk/ansi/color.go:54.37,56.2 1 1
github.com/blend/go-sdk/ansi/color.go:59.38,61.2 1 1
github.com/blend/go-sdk/ansi/color.go:64.36,66.2 1 1
github.com/blend/go-sdk/ansi/color.go:69.38,71.2 1 1
github.com/blend/go-sdk/ansi/color.go:74.36,76.2 1 1
github.com/blend/go-sdk/ansi/color.go:79.37,81.2 1 1
github.com/blend/go-sdk/ansi/color.go:84.49,86.2 1 33
github.com/blend/go-sdk/ansi/color.go:89.48,91.2 1 1
github.com/blend/go-sdk/ansi/color.go:94.53,96.2 1 1
github.com/blend/go-sdk/ansi/color.go:102.32,104.2 1 35
github.com/blend/go-sdk/ansi/color.go:107.30,109.2 1 2
github.com/blend/go-sdk/ansi/color.go:112.35,114.2 1 2
github.com/blend/go-sdk/ansi/color.go:117.42,119.2 1 17
github.com/blend/go-sdk/ansi/slant/print.go:11.49,13.43 2 1
github.com/blend/go-sdk/ansi/slant/print.go:16.2,16.26 1 1
github.com/blend/go-sdk/ansi/slant/print.go:13.43,15.3 1 0
github.com/blend/go-sdk/ansi/slant/print.go:20.51,28.35 6 1
github.com/blend/go-sdk/ansi/slant/print.go:51.2,51.12 1 1
github.com/blend/go-sdk/ansi/slant/print.go:28.35,30.40 2 6
github.com/blend/go-sdk/ansi/slant/print.go:46.3,47.17 2 6
github.com/blend/go-sdk/ansi/slant/print.go:30.40,31.45 1 36
github.com/blend/go-sdk/ansi/slant/print.go:34.4,36.17 2 36
github.com/blend/go-sdk/ansi/slant/print.go:43.4,44.33 2 36
github.com/blend/go-sdk/ansi/slant/print.go:31.45,33.5 1 0
github.com/blend/go-sdk/ansi/slant/print.go:36.17,39.17 3 30
github.com/blend/go-sdk/ansi/slant/print.go:39.17,41.6 1 14
github.com/blend/go-sdk/ansi/slant/print.go:47.17,49.4 1 0
github.com/blend/go-sdk/ansi/slant/print.go:56.64,61.29 4 30
github.com/blend/go-sdk/ansi/slant/print.go:67.2,67.30 1 30
github.com/blend/go-sdk/ansi/slant/print.go:78.2,78.18 1 30
github.com/blend/go-sdk/ansi/slant/print.go:61.29,63.3 1 0
github.com/blend/go-sdk/ansi/slant/print.go:63.8,65.3 1 30
github.com/blend/go-sdk/ansi/slant/print.go:67.30,74.36 5 180
github.com/blend/go-sdk/ansi/slant/print.go:74.36,76.4 1 90
github.com/blend/go-sdk/ansi/slant/print.go:81.62,83.2 1 96
github.com/blend/go-sdk/ansi/slant/print.go:85.40,86.44 1 180
github.com/blend/go-sdk/ansi/slant/print.go:91.2,91.17 1 30
github.com/blend/go-sdk/ansi/slant/print.go:86.44,87.35 1 726
github.com/blend/go-sdk/ansi/slant/print.go:87.35,89.4 1 150
github.com/blend/go-sdk/ansi/slant/print.go:94.41,95.44 1 180
github.com/blend/go-sdk/ansi/slant/print.go:100.2,100.10 1 30
github.com/blend/go-sdk/ansi/slant/print.go:95.44,96.48 1 576
github.com/blend/go-sdk/ansi/slant/print.go:96.48,98.4 1 150
github.com/blend/go-sdk/ansi/slant/print.go:103.45,104.23 1 0
github.com/blend/go-sdk/ansi/slant/print.go:107.2,107.16 1 0
github.com/blend/go-sdk/ansi/slant/print.go:110.2,110.20 1 0
github.com/blend/go-sdk/ansi/slant/print.go:104.23,106.3 1 0
github.com/blend/go-sdk/ansi/slant/print.go:107.16,109.3 1 0
github.com/blend/go-sdk/ansi/slant/print.go:113.39,114.44 1 0
github.com/blend/go-sdk/ansi/slant/print.go:119.2,119.12 1 0
github.com/blend/go-sdk/ansi/slant/print.go:114.44,115.35 1 0
github.com/blend/go-sdk/ansi/slant/print.go:115.35,117.4 1 0
github.com/blend/go-sdk/ansi/slant/print.go:122.59,124.59 2 30
github.com/blend/go-sdk/ansi/slant/print.go:130.2,130.42 1 30
github.com/blend/go-sdk/ansi/slant/print.go:124.59,125.48 1 47
github.com/blend/go-sdk/ansi/slant/print.go:128.3,128.10 1 33
github.com/blend/go-sdk/ansi/slant/print.go:125.48,126.9 1 14
github.com/blend/go-sdk/ansi/slant/print.go:133.58,134.44 1 14
github.com/blend/go-sdk/ansi/slant/print.go:139.2,139.17 1 0
github.com/blend/go-sdk/ansi/slant/print.go:134.44,135.51 1 41
github.com/blend/go-sdk/ansi/slant/print.go:135.51,137.4 1 14
github.com/blend/go-sdk/ansi/slant/print.go:142.40,144.27 2 0
github.com/blend/go-sdk/ansi/slant/print.go:149.2,149.26 1 0
github.com/blend/go-sdk/ansi/slant/print.go:144.27,145.35 1 0
github.com/blend/go-sdk/ansi/slant/print.go:145.35,146.9 1 0
github.com/blend/go-sdk/ansi/slant/print.go:152.46,153.23 1 0
github.com/blend/go-sdk/ansi/slant/print.go:156.2,156.16 1 0
github.com/blend/go-sdk/ansi/slant/print.go:159.2,159.29 1 0
github.com/blend/go-sdk/ansi/slant/print.go:153.23,155.3 1 0
github.com/blend/go-sdk/ansi/slant/print.go:156.16,158.3 1 0
github.com/blend/go-sdk/ansi/slant/print.go:162.53,163.25 1 36
github.com/blend/go-sdk/ansi/slant/print.go:168.2,168.12 1 36
github.com/blend/go-sdk/ansi/slant/print.go:163.25,164.24 1 315
github.com/blend/go-sdk/ansi/slant/print.go:164.24,166.4 1 0
github.com/blend/go-sdk/assert/stats.go:15.18,17.2 1 100
github.com/blend/go-sdk/assert/stats.go:20.18,22.2 1 0
github.com/blend/go-sdk/assert/stats.go:28.16,30.2 1 0
github.com/blend/go-sdk/assert/stats.go:33.30,35.2 1 0
github.com/blend/go-sdk/assert/stats.go:38.21,41.2 2 0
github.com/blend/go-sdk/assert/stats.go:44.19,46.2 1 0
github.com/blend/go-sdk/assert/stats.go:49.25,52.9 3 0
github.com/blend/go-sdk/assert/stats.go:56.2,56.21 1 0
github.com/blend/go-sdk/assert/stats.go:52.9,55.3 2 0
github.com/blend/go-sdk/assert/assert.go:54.40,56.27 2 1
github.com/blend/go-sdk/assert/assert.go:59.2,59.11 1 1
github.com/blend/go-sdk/assert/assert.go:56.27,58.3 1 1
github.com/blend/go-sdk/assert/assert.go:63.52,69.27 2 101
github.com/blend/go-sdk/assert/assert.go:72.2,72.11 1 101
github.com/blend/go-sdk/assert/assert.go:69.27,71.3 1 49
github.com/blend/go-sdk/assert/assert.go:79.37,80.29 1 50
github.com/blend/go-sdk/assert/assert.go:80.29,82.3 1 50
github.com/blend/go-sdk/assert/assert.go:95.34,97.2 1 57
github.com/blend/go-sdk/assert/assert.go:103.43,105.2 1 44
github.com/blend/go-sdk/assert/assert.go:108.87,110.57 2 2
github.com/blend/go-sdk/assert/assert.go:110.57,112.3 1 1
github.com/blend/go-sdk/assert/assert.go:116.84,118.54 2 2
github.com/blend/go-sdk/assert/assert.go:118.54,120.3 1 1
github.com/blend/go-sdk/assert/assert.go:124.100,126.71 2 2
github.com/blend/go-sdk/assert/assert.go:126.71,128.3 1 1
github.com/blend/go-sdk/assert/assert.go:132.90,134.60 2 2
github.com/blend/go-sdk/assert/assert.go:134.60,136.3 1 1
github.com/blend/go-sdk/assert/assert.go:140.93,142.63 2 2
github.com/blend/go-sdk/assert/assert.go:142.63,144.3 1 1
github.com/blend/go-sdk/assert/assert.go:148.108,150.66 2 2
github.com/blend/go-sdk/assert/assert.go:150.66,152.3 1 1
github.com/blend/go-sdk/assert/assert.go:156.117,158.75 2 2
github.com/blend/go-sdk/assert/assert.go:158.75,160.3 1 1
github.com/blend/go-sdk/assert/assert.go:164.111,166.69 2 2
github.com/blend/go-sdk/assert/assert.go:166.69,168.3 1 1
github.com/blend/go-sdk/assert/assert.go:172.108,174.71 2 0
github.com/blend/go-sdk/assert/assert.go:174.71,176.3 1 0
github.com/blend/go-sdk/assert/assert.go:180.84,182.54 2 2
github.com/blend/go-sdk/assert/assert.go:182.54,184.3 1 1
github.com/blend/go-sdk/assert/assert.go:188.87,190.57 2 2
github.com/blend/go-sdk/assert/assert.go:190.57,192.3 1 1
github.com/blend/go-sdk/assert/assert.go:196.78,198.55 2 2
github.com/blend/go-sdk/assert/assert.go:198.55,200.3 1 1
github.com/blend/go-sdk/assert/assert.go:204.79,206.56 2 2
github.com/blend/go-sdk/assert/assert.go:206.56,208.3 1 1
github.com/blend/go-sdk/assert/assert.go:217.91,219.65 2 3
github.com/blend/go-sdk/assert/assert.go:219.65,221.3 1 1
github.com/blend/go-sdk/assert/assert.go:225.111,227.69 2 2
github.com/blend/go-sdk/assert/assert.go:227.69,229.3 1 1
github.com/blend/go-sdk/assert/assert.go:233.88,235.60 2 0
github.com/blend/go-sdk/assert/assert.go:235.60,237.3 1 0
github.com/blend/go-sdk/assert/assert.go:241.95,243.67 2 2
github.com/blend/go-sdk/assert/assert.go:243.67,245.3 1 1
github.com/blend/go-sdk/assert/assert.go:249.98,251.70 2 2
github.com/blend/go-sdk/assert/assert.go:251.70,253.3 1 1
github.com/blend/go-sdk/assert/assert.go:257.105,259.63 2 2
github.com/blend/go-sdk/assert/assert.go:259.63,261.3 1 1
github.com/blend/go-sdk/assert/assert.go:265.109,267.68 2 2
github.com/blend/go-sdk/assert/assert.go:267.68,269.3 1 1
github.com/blend/go-sdk/assert/assert.go:273.119,275.70 2 2
github.com/blend/go-sdk/assert/assert.go:275.70,277.3 1 1
github.com/blend/go-sdk/assert/assert.go:281.118,283.71 2 2
github.com/blend/go-sdk/assert/assert.go:283.71,285.3 1 1
github.com/blend/go-sdk/assert/assert.go:289.105,291.63 2 2
github.com/blend/go-sdk/assert/assert.go:291.63,293.3 1 1
github.com/blend/go-sdk/assert/assert.go:297.109,299.68 2 2
github.com/blend/go-sdk/assert/assert.go:299.68,301.3 1 1
github.com/blend/go-sdk/assert/assert.go:305.119,307.70 2 2
github.com/blend/go-sdk/assert/assert.go:307.70,309.3 1 1
github.com/blend/go-sdk/assert/assert.go:313.118,315.71 2 2
github.com/blend/go-sdk/assert/assert.go:315.71,317.3 1 1
github.com/blend/go-sdk/assert/assert.go:321.106,323.64 2 2
github.com/blend/go-sdk/assert/assert.go:323.64,325.3 1 1
github.com/blend/go-sdk/assert/assert.go:329.110,331.69 2 2
github.com/blend/go-sdk/assert/assert.go:331.69,333.3 1 1
github.com/blend/go-sdk/assert/assert.go:337.120,339.71 2 2
github.com/blend/go-sdk/assert/assert.go:339.71,341.3 1 1
github.com/blend/go-sdk/assert/assert.go:345.119,347.72 2 2
github.com/blend/go-sdk/assert/assert.go:347.72,349.3 1 1
github.com/blend/go-sdk/assert/assert.go:353.68,355.2 1 0
github.com/blend/go-sdk/assert/assert.go:358.96,360.12 2 0
github.com/blend/go-sdk/assert/assert.go:360.12,361.10 1 0
github.com/blend/go-sdk/assert/assert.go:362.19,364.17 2 0
github.com/blend/go-sdk/assert/assert.go:365.23,367.10 2 0
github.com/blend/go-sdk/assert/assert.go:373.35,376.2 2 0
github.com/blend/go-sdk/assert/assert.go:385.54,388.2 2 0
github.com/blend/go-sdk/assert/assert.go:391.39,393.2 1 1
github.com/blend/go-sdk/assert/assert.go:395.32,397.2 1 43
github.com/blend/go-sdk/assert/assert.go:400.87,402.54 2 2
github.com/blend/go-sdk/assert/assert.go:406.2,406.13 1 1
github.com/blend/go-sdk/assert/assert.go:402.54,405.3 2 1
github.com/blend/go-sdk/assert/assert.go:410.90,412.57 2 2
github.com/blend/go-sdk/assert/assert.go:416.2,416.13 1 1
github.com/blend/go-sdk/assert/assert.go:412.57,415.3 2 1
github.com/blend/go-sdk/assert/assert.go:420.103,422.71 2 2
github.com/blend/go-sdk/assert/assert.go:426.2,426.13 1 1
github.com/blend/go-sdk/assert/assert.go:422.71,425.3 2 1
github.com/blend/go-sdk/assert/assert.go:430.93,432.60 2 2
github.com/blend/go-sdk/assert/assert.go:436.2,436.13 1 1
github.com/blend/go-sdk/assert/assert.go:432.60,435.3 2 1
github.com/blend/go-sdk/assert/assert.go:440.96,442.63 2 2
github.com/blend/go-sdk/assert/assert.go:446.2,446.13 1 1
github.com/blend/go-sdk/assert/assert.go:442.63,445.3 2 1
github.com/blend/go-sdk/assert/assert.go:450.111,452.66 2 2
github.com/blend/go-sdk/assert/assert.go:456.2,456.13 1 1
github.com/blend/go-sdk/assert/assert.go:452.66,455.3 2 1
github.com/blend/go-sdk/assert/assert.go:460.120,462.75 2 2
github.com/blend/go-sdk/assert/assert.go:466.2,466.13 1 1
github.com/blend/go-sdk/assert/assert.go:462.75,465.3 2 1
github.com/blend/go-sdk/assert/assert.go:470.114,472.69 2 2
github.com/blend/go-sdk/assert/assert.go:476.2,476.13 1 1
github.com/blend/go-sdk/assert/assert.go:472.69,475.3 2 1
github.com/blend/go-sdk/assert/assert.go:480.111,482.71 2 3
github.com/blend/go-sdk/assert/assert.go:486.2,486.13 1 1
github.com/blend/go-sdk/assert/assert.go:482.71,485.3 2 2
github.com/blend/go-sdk/assert/assert.go:490.87,492.54 2 2
github.com/blend/go-sdk/assert/assert.go:496.2,496.13 1 1
github.com/blend/go-sdk/assert/assert.go:492.54,495.3 2 1
github.com/blend/go-sdk/assert/assert.go:500.90,502.57 2 2
github.com/blend/go-sdk/assert/assert.go:506.2,506.13 1 1
github.com/blend/go-sdk/assert/assert.go:502.57,505.3 2 1
github.com/blend/go-sdk/assert/assert.go:510.81,512.55 2 4
github.com/blend/go-sdk/assert/assert.go:516.2,516.13 1 2
github.com/blend/go-sdk/assert/assert.go:512.55,515.3 2 2
github.com/blend/go-sdk/assert/assert.go:520.82,522.56 2 2
github.com/blend/go-sdk/assert/assert.go:526.2,526.13 1 1
github.com/blend/go-sdk/assert/assert.go:522.56,525.3 2 1
github.com/blend/go-sdk/assert/assert.go:530.92,532.63 2 2
github.com/blend/go-sdk/assert/assert.go:536.2,536.13 1 1
github.com/blend/go-sdk/assert/assert.go:532.63,535.3 2 1
github.com/blend/go-sdk/assert/assert.go:540.112,542.67 2 2
github.com/blend/go-sdk/assert/assert.go:546.2,546.13 1 1
github.com/blend/go-sdk/assert/assert.go:542.67,545.3 2 1
github.com/blend/go-sdk/assert/assert.go:550.91,552.60 2 0
github.com/blend/go-sdk/assert/assert.go:556.2,556.13 1 0
github.com/blend/go-sdk/assert/assert.go:552.60,555.3 2 0
github.com/blend/go-sdk/assert/assert.go:560.98,562.67 2 2
github.com/blend/go-sdk/assert/assert.go:566.2,566.13 1 1
github.com/blend/go-sdk/assert/assert.go:562.67,565.3 2 1
github.com/blend/go-sdk/assert/assert.go:570.101,572.70 2 2
github.com/blend/go-sdk/assert/assert.go:576.2,576.13 1 1
github.com/blend/go-sdk/assert/assert.go:572.70,575.3 2 1
github.com/blend/go-sdk/assert/assert.go:580.108,582.63 2 2
github.com/blend/go-sdk/assert/assert.go:586.2,586.13 1 1
github.com/blend/go-sdk/assert/assert.go:582.63,585.3 2 1
github.com/blend/go-sdk/assert/assert.go:590.112,592.68 2 0
github.com/blend/go-sdk/assert/assert.go:596.2,596.13 1 0
github.com/blend/go-sdk/assert/assert.go:592.68,595.3 2 0
github.com/blend/go-sdk/assert/assert.go:600.120,602.70 2 0
github.com/blend/go-sdk/assert/assert.go:606.2,606.13 1 0
github.com/blend/go-sdk/assert/assert.go:602.70,605.3 2 0
github.com/blend/go-sdk/assert/assert.go:610.121,612.71 2 0
github.com/blend/go-sdk/assert/assert.go:616.2,616.13 1 0
github.com/blend/go-sdk/assert/assert.go:612.71,615.3 2 0
github.com/blend/go-sdk/assert/assert.go:620.108,622.63 2 2
github.com/blend/go-sdk/assert/assert.go:626.2,626.13 1 1
github.com/blend/go-sdk/assert/assert.go:622.63,625.3 2 1
github.com/blend/go-sdk/assert/assert.go:630.112,632.68 2 0
github.com/blend/go-sdk/assert/assert.go:636.2,636.13 1 0
github.com/blend/go-sdk/assert/assert.go:632.68,635.3 2 0
github.com/blend/go-sdk/assert/assert.go:640.120,642.70 2 0
github.com/blend/go-sdk/assert/assert.go:646.2,646.13 1 0
github.com/blend/go-sdk/assert/assert.go:642.70,645.3 2 0
github.com/blend/go-sdk/assert/assert.go:650.121,652.71 2 0
github.com/blend/go-sdk/assert/assert.go:656.2,656.13 1 0
github.com/blend/go-sdk/assert/assert.go:652.71,655.3 2 0
github.com/blend/go-sdk/assert/assert.go:660.109,662.64 2 2
github.com/blend/go-sdk/assert/assert.go:666.2,666.13 1 1
github.com/blend/go-sdk/assert/assert.go:662.64,665.3 2 1
github.com/blend/go-sdk/assert/assert.go:670.113,672.69 2 0
github.com/blend/go-sdk/assert/assert.go:676.2,676.13 1 0
github.com/blend/go-sdk/assert/assert.go:672.69,675.3 2 0
github.com/blend/go-sdk/assert/assert.go:680.121,682.71 2 0
github.com/blend/go-sdk/assert/assert.go:686.2,686.13 1 0
github.com/blend/go-sdk/assert/assert.go:682.71,685.3 2 0
github.com/blend/go-sdk/assert/assert.go:690.122,692.72 2 0
github.com/blend/go-sdk/assert/assert.go:696.2,696.13 1 0
github.com/blend/go-sdk/assert/assert.go:692.72,695.3 2 0
github.com/blend/go-sdk/assert/assert.go:700.63,702.2 1 0
github.com/blend/go-sdk/assert/assert.go:708.95,710.14 2 28
github.com/blend/go-sdk/assert/assert.go:710.14,712.3 1 0
github.com/blend/go-sdk/assert/assert.go:712.8,713.29 1 28
github.com/blend/go-sdk/assert/assert.go:717.92,720.26 2 50
github.com/blend/go-sdk/assert/assert.go:724.2,732.26 7 50
github.com/blend/go-sdk/assert/assert.go:753.2,761.14 2 49
github.com/blend/go-sdk/assert/assert.go:764.2,764.14 1 49
github.com/blend/go-sdk/assert/assert.go:720.26,722.3 1 50
github.com/blend/go-sdk/assert/assert.go:732.26,743.15 2 1
github.com/blend/go-sdk/assert/assert.go:746.3,746.15 1 1
github.com/blend/go-sdk/assert/assert.go:750.3,750.9 1 1
github.com/blend/go-sdk/assert/assert.go:743.15,745.4 1 0
github.com/blend/go-sdk/assert/assert.go:746.15,748.4 1 1
github.com/blend/go-sdk/assert/assert.go:761.14,763.3 1 0
github.com/blend/go-sdk/assert/assert.go:764.14,766.3 1 47
github.com/blend/go-sdk/assert/assert.go:774.74,775.45 1 4
github.com/blend/go-sdk/assert/assert.go:779.2,779.21 1 2
github.com/blend/go-sdk/assert/assert.go:775.45,778.3 2 2
github.com/blend/go-sdk/assert/assert.go:782.62,783.40 1 4
github.com/blend/go-sdk/assert/assert.go:787.2,787.21 1 2
github.com/blend/go-sdk/assert/assert.go:783.40,786.3 2 2
github.com/blend/go-sdk/assert/assert.go:790.59,791.40 1 4
github.com/blend/go-sdk/assert/assert.go:795.2,795.21 1 2
github.com/blend/go-sdk/assert/assert.go:791.40,794.3 2 2
github.com/blend/go-sdk/assert/assert.go:798.65,799.33 1 16
github.com/blend/go-sdk/assert/assert.go:802.2,802.21 1 8
github.com/blend/go-sdk/assert/assert.go:799.33,801.3 1 8
github.com/blend/go-sdk/assert/assert.go:805.74,806.42 1 4
github.com/blend/go-sdk/assert/assert.go:809.2,809.21 1 2
github.com/blend/go-sdk/assert/assert.go:806.42,808.3 1 2
github.com/blend/go-sdk/assert/assert.go:812.77,815.9 3 3
github.com/blend/go-sdk/assert/assert.go:823.2,823.60 1 3
github.com/blend/go-sdk/assert/assert.go:826.2,826.21 1 1
github.com/blend/go-sdk/assert/assert.go:815.9,816.16 1 3
github.com/blend/go-sdk/assert/assert.go:820.3,820.11 1 3
github.com/blend/go-sdk/assert/assert.go:816.16,819.4 2 3
github.com/blend/go-sdk/assert/assert.go:823.60,825.3 1 2
github.com/blend/go-sdk/assert/assert.go:829.68,830.32 1 4
github.com/blend/go-sdk/assert/assert.go:833.2,833.21 1 2
github.com/blend/go-sdk/assert/assert.go:830.32,832.3 1 2
github.com/blend/go-sdk/assert/assert.go:836.56,837.19 1 6
github.com/blend/go-sdk/assert/assert.go:840.2,840.21 1 3
github.com/blend/go-sdk/assert/assert.go:837.19,839.3 1 3
github.com/blend/go-sdk/assert/assert.go:843.53,844.20 1 6
github.com/blend/go-sdk/assert/assert.go:847.2,847.21 1 3
github.com/blend/go-sdk/assert/assert.go:844.20,846.3 1 3
github.com/blend/go-sdk/assert/assert.go:850.46,851.12 1 6
github.com/blend/go-sdk/assert/assert.go:854.2,854.21 1 3
github.com/blend/go-sdk/assert/assert.go:851.12,853.3 1 3
github.com/blend/go-sdk/assert/assert.go:857.47,858.11 1 4
github.com/blend/go-sdk/assert/assert.go:861.2,861.21 1 2
github.com/blend/go-sdk/assert/assert.go:858.11,860.3 1 2
github.com/blend/go-sdk/assert/assert.go:864.53,865.20 1 4
github.com/blend/go-sdk/assert/assert.go:868.2,868.21 1 2
github.com/blend/go-sdk/assert/assert.go:865.20,867.3 1 2
github.com/blend/go-sdk/assert/assert.go:871.56,872.19 1 4
github.com/blend/go-sdk/assert/assert.go:875.2,875.21 1 2
github.com/blend/go-sdk/assert/assert.go:872.19,874.3 1 2
github.com/blend/go-sdk/assert/assert.go:878.54,880.16 2 0
github.com/blend/go-sdk/assert/assert.go:885.2,885.21 1 0
github.com/blend/go-sdk/assert/assert.go:880.16,884.3 3 0
github.com/blend/go-sdk/assert/assert.go:888.62,890.18 2 5
github.com/blend/go-sdk/assert/assert.go:894.2,894.21 1 3
github.com/blend/go-sdk/assert/assert.go:890.18,893.3 2 2
github.com/blend/go-sdk/assert/assert.go:897.82,899.20 2 7
github.com/blend/go-sdk/assert/assert.go:904.2,904.18 1 7
github.com/blend/go-sdk/assert/assert.go:908.2,908.21 1 3
github.com/blend/go-sdk/assert/assert.go:899.20,901.3 1 2
github.com/blend/go-sdk/assert/assert.go:901.8,903.3 1 5
github.com/blend/go-sdk/assert/assert.go:904.18,907.3 2 4
github.com/blend/go-sdk/assert/assert.go:911.61,912.42 1 6
github.com/blend/go-sdk/assert/assert.go:916.2,916.21 1 3
github.com/blend/go-sdk/assert/assert.go:912.42,915.3 2 3
github.com/blend/go-sdk/assert/assert.go:919.64,920.41 1 4
github.com/blend/go-sdk/assert/assert.go:924.2,924.21 1 2
github.com/blend/go-sdk/assert/assert.go:920.41,923.3 2 2
github.com/blend/go-sdk/assert/assert.go:927.72,929.30 2 7
github.com/blend/go-sdk/assert/assert.go:933.2,934.30 2 7
github.com/blend/go-sdk/assert/assert.go:938.2,938.31 1 7
github.com/blend/go-sdk/assert/assert.go:942.2,942.31 1 6
github.com/blend/go-sdk/assert/assert.go:948.2,948.65 1 3
github.com/blend/go-sdk/assert/assert.go:929.30,931.3 1 0
github.com/blend/go-sdk/assert/assert.go:934.30,936.3 1 0
github.com/blend/go-sdk/assert/assert.go:938.31,940.3 1 1
github.com/blend/go-sdk/assert/assert.go:942.31,944.21 2 15
github.com/blend/go-sdk/assert/assert.go:944.21,946.4 1 3
github.com/blend/go-sdk/assert/assert.go:951.76,954.31 2 2
github.com/blend/go-sdk/assert/assert.go:960.2,960.65 1 1
github.com/blend/go-sdk/assert/assert.go:954.31,956.21 2 4
github.com/blend/go-sdk/assert/assert.go:956.21,958.4 1 1
github.com/blend/go-sdk/assert/assert.go:963.84,966.31 2 2
github.com/blend/go-sdk/assert/assert.go:972.2,972.65 1 1
github.com/blend/go-sdk/assert/assert.go:966.31,968.21 2 4
github.com/blend/go-sdk/assert/assert.go:968.21,970.4 1 1
github.com/blend/go-sdk/assert/assert.go:975.85,978.31 2 2
github.com/blend/go-sdk/assert/assert.go:984.2,984.65 1 1
github.com/blend/go-sdk/assert/assert.go:978.31,980.21 2 4
github.com/blend/go-sdk/assert/assert.go:980.21,982.4 1 1
github.com/blend/go-sdk/assert/assert.go:987.72,989.30 2 7
github.com/blend/go-sdk/assert/assert.go:993.2,994.30 2 7
github.com/blend/go-sdk/assert/assert.go:998.2,998.31 1 7
github.com/blend/go-sdk/assert/assert.go:1002.2,1002.31 1 6
github.com/blend/go-sdk/assert/assert.go:1008.2,1008.21 1 3
github.com/blend/go-sdk/assert/assert.go:989.30,991.3 1 0
github.com/blend/go-sdk/assert/assert.go:994.30,996.3 1 0
github.com/blend/go-sdk/assert/assert.go:998.31,1000.3 1 1
github.com/blend/go-sdk/assert/assert.go:1002.31,1004.22 2 14
github.com/blend/go-sdk/assert/assert.go:1004.22,1006.4 1 3
github.com/blend/go-sdk/assert/assert.go:1011.76,1014.31 2 2
github.com/blend/go-sdk/assert/assert.go:1020.2,1020.21 1 1
github.com/blend/go-sdk/assert/assert.go:1014.31,1016.22 2 4
github.com/blend/go-sdk/assert/assert.go:1016.22,1018.4 1 1
github.com/blend/go-sdk/assert/assert.go:1023.84,1026.31 2 2
github.com/blend/go-sdk/assert/assert.go:1032.2,1032.21 1 1
github.com/blend/go-sdk/assert/assert.go:1026.31,1028.22 2 4
github.com/blend/go-sdk/assert/assert.go:1028.22,1030.4 1 1
github.com/blend/go-sdk/assert/assert.go:1035.85,1038.31 2 2
github.com/blend/go-sdk/assert/assert.go:1044.2,1044.21 1 1
github.com/blend/go-sdk/assert/assert.go:1038.31,1040.22 2 5
github.com/blend/go-sdk/assert/assert.go:1040.22,1042.4 1 1
github.com/blend/go-sdk/assert/assert.go:1047.73,1049.30 2 6
github.com/blend/go-sdk/assert/assert.go:1053.2,1054.30 2 6
github.com/blend/go-sdk/assert/assert.go:1058.2,1058.31 1 6
github.com/blend/go-sdk/assert/assert.go:1062.2,1062.31 1 6
github.com/blend/go-sdk/assert/assert.go:1068.2,1068.21 1 3
github.com/blend/go-sdk/assert/assert.go:1049.30,1051.3 1 0
github.com/blend/go-sdk/assert/assert.go:1054.30,1056.3 1 0
github.com/blend/go-sdk/assert/assert.go:1058.31,1060.3 1 0
github.com/blend/go-sdk/assert/assert.go:1062.31,1064.21 2 16
github.com/blend/go-sdk/assert/assert.go:1064.21,1066.4 1 3
github.com/blend/go-sdk/assert/assert.go:1071.77,1074.31 2 2
github.com/blend/go-sdk/assert/assert.go:1080.2,1080.21 1 1
github.com/blend/go-sdk/assert/assert.go:1074.31,1076.21 2 6
github.com/blend/go-sdk/assert/assert.go:1076.21,1078.4 1 1
github.com/blend/go-sdk/assert/assert.go:1083.85,1086.31 2 2
github.com/blend/go-sdk/assert/assert.go:1092.2,1092.21 1 1
github.com/blend/go-sdk/assert/assert.go:1086.31,1088.21 2 6
github.com/blend/go-sdk/assert/assert.go:1088.21,1090.4 1 1
github.com/blend/go-sdk/assert/assert.go:1095.86,1098.31 2 2
github.com/blend/go-sdk/assert/assert.go:1104.2,1104.21 1 1
github.com/blend/go-sdk/assert/assert.go:1098.31,1100.21 2 4
github.com/blend/go-sdk/assert/assert.go:1100.21,1102.4 1 1
github.com/blend/go-sdk/assert/assert.go:1111.44,1113.2 1 20
github.com/blend/go-sdk/assert/assert.go:1115.83,1122.2 3 15
github.com/blend/go-sdk/assert/assert.go:1124.65,1126.35 2 7
github.com/blend/go-sdk/assert/assert.go:1130.2,1131.42 1 7
github.com/blend/go-sdk/assert/assert.go:1126.35,1129.3 1 0
github.com/blend/go-sdk/assert/assert.go:1134.59,1136.2 1 2
github.com/blend/go-sdk/assert/assert.go:1138.56,1140.2 1 8
github.com/blend/go-sdk/assert/assert.go:1142.65,1144.2 1 2
github.com/blend/go-sdk/assert/assert.go:1146.76,1147.15 1 2
github.com/blend/go-sdk/assert/assert.go:1150.2,1150.84 1 1
github.com/blend/go-sdk/assert/assert.go:1147.15,1149.3 1 1
github.com/blend/go-sdk/assert/assert.go:1153.40,1154.19 1 18
github.com/blend/go-sdk/assert/assert.go:1160.2,1162.25 2 13
github.com/blend/go-sdk/assert/assert.go:1170.2,1170.10 1 0
github.com/blend/go-sdk/assert/assert.go:1154.19,1156.3 1 0
github.com/blend/go-sdk/assert/assert.go:1156.8,1156.25 1 18
github.com/blend/go-sdk/assert/assert.go:1156.25,1158.3 1 5
github.com/blend/go-sdk/assert/assert.go:1163.19,1164.14 1 2
github.com/blend/go-sdk/assert/assert.go:1165.51,1166.3 1 13
github.com/blend/go-sdk/assert/assert.go:1166.3,1168.4 1 13
github.com/blend/go-sdk/assert/assert.go:1173.37,1174.19 1 12
github.com/blend/go-sdk/assert/assert.go:1178.2,1180.68 3 8
github.com/blend/go-sdk/assert/assert.go:1183.2,1183.14 1 6
github.com/blend/go-sdk/assert/assert.go:1174.19,1176.3 1 4
github.com/blend/go-sdk/assert/assert.go:1180.68,1182.3 1 2
github.com/blend/go-sdk/assert/assert.go:1186.37,1188.2 1 16
github.com/blend/go-sdk/assert/assert.go:1190.59,1191.38 1 4
github.com/blend/go-sdk/assert/assert.go:1194.2,1194.78 1 4
github.com/blend/go-sdk/assert/assert.go:1198.2,1198.27 1 4
github.com/blend/go-sdk/assert/assert.go:1191.38,1193.3 1 0
github.com/blend/go-sdk/assert/assert.go:1194.78,1196.3 1 0
github.com/blend/go-sdk/assert/assert.go:1201.50,1202.38 1 38
github.com/blend/go-sdk/assert/assert.go:1205.2,1205.78 1 38
github.com/blend/go-sdk/assert/assert.go:1209.2,1210.23 2 38
github.com/blend/go-sdk/assert/assert.go:1213.2,1214.79 2 38
github.com/blend/go-sdk/assert/assert.go:1218.2,1218.44 1 0
github.com/blend/go-sdk/assert/assert.go:1202.38,1204.3 1 0
github.com/blend/go-sdk/assert/assert.go:1205.78,1207.3 1 0
github.com/blend/go-sdk/assert/assert.go:1210.23,1212.3 1 0
github.com/blend/go-sdk/assert/assert.go:1214.79,1216.3 1 38
github.com/blend/go-sdk/assert/assert.go:1221.28,1229.20 7 50
github.com/blend/go-sdk/assert/assert.go:1262.2,1262.16 1 50
github.com/blend/go-sdk/assert/assert.go:1229.20,1231.10 2 284
github.com/blend/go-sdk/assert/assert.go:1235.3,1235.32 1 284
github.com/blend/go-sdk/assert/assert.go:1239.3,1242.59 4 284
github.com/blend/go-sdk/assert/assert.go:1246.3,1247.15 2 284
github.com/blend/go-sdk/assert/assert.go:1250.3,1257.28 4 284
github.com/blend/go-sdk/assert/assert.go:1231.10,1233.4 1 0
github.com/blend/go-sdk/assert/assert.go:1235.32,1236.9 1 0
github.com/blend/go-sdk/assert/assert.go:1242.59,1244.4 1 0
github.com/blend/go-sdk/assert/assert.go:1247.15,1248.9 1 0
github.com/blend/go-sdk/assert/assert.go:1257.28,1258.9 1 50
github.com/blend/go-sdk/assert/assert.go:1265.51,1267.2 1 237
github.com/blend/go-sdk/assert/assert.go:1269.49,1271.2 1 0
github.com/blend/go-sdk/assert/assert.go:1273.39,1274.38 1 752
github.com/blend/go-sdk/assert/assert.go:1277.2,1277.30 1 50
github.com/blend/go-sdk/assert/assert.go:1280.2,1281.31 2 50
github.com/blend/go-sdk/assert/assert.go:1274.38,1276.3 1 702
github.com/blend/go-sdk/assert/assert.go:1277.30,1279.3 1 0
github.com/blend/go-sdk/assert/assert.go:1284.30,1286.9 2 50
github.com/blend/go-sdk/assert/assert.go:1289.2,1292.76 3 50
github.com/blend/go-sdk/assert/assert.go:1286.9,1288.3 1 0
github.com/blend/go-sdk/assert/assert.go:1295.42,1296.15 1 56
github.com/blend/go-sdk/assert/assert.go:1301.2,1302.8 2 56
github.com/blend/go-sdk/assert/assert.go:1296.15,1297.31 1 56
github.com/blend/go-sdk/assert/assert.go:1297.31,1299.4 1 28
github.com/blend/go-sdk/async/autoflush_buffer.go:12.101,20.33 2 2
github.com/blend/go-sdk/async/autoflush_buffer.go:23.2,23.13 1 2
github.com/blend/go-sdk/async/autoflush_buffer.go:20.33,22.3 1 4
github.com/blend/go-sdk/async/autoflush_buffer.go:30.65,31.36 1 2
github.com/blend/go-sdk/async/autoflush_buffer.go:31.36,33.3 1 2
github.com/blend/go-sdk/async/autoflush_buffer.go:37.72,38.36 1 2
github.com/blend/go-sdk/async/autoflush_buffer.go:38.36,40.3 1 2
github.com/blend/go-sdk/async/autoflush_buffer.go:44.75,45.36 1 0
github.com/blend/go-sdk/async/autoflush_buffer.go:45.36,47.3 1 0
github.com/blend/go-sdk/async/autoflush_buffer.go:51.72,52.36 1 0
github.com/blend/go-sdk/async/autoflush_buffer.go:52.36,54.3 1 0
github.com/blend/go-sdk/async/autoflush_buffer.go:58.76,59.36 1 0
github.com/blend/go-sdk/async/autoflush_buffer.go:59.36,61.3 1 0
github.com/blend/go-sdk/async/autoflush_buffer.go:79.57,80.23 1 5
github.com/blend/go-sdk/async/autoflush_buffer.go:83.2,83.29 1 5
github.com/blend/go-sdk/async/autoflush_buffer.go:80.23,82.3 1 0
github.com/blend/go-sdk/async/autoflush_buffer.go:93.42,94.20 1 2
github.com/blend/go-sdk/async/autoflush_buffer.go:97.2,100.12 4 2
github.com/blend/go-sdk/async/autoflush_buffer.go:94.20,96.3 1 0
github.com/blend/go-sdk/async/autoflush_buffer.go:104.39,108.6 4 2
github.com/blend/go-sdk/async/autoflush_buffer.go:108.6,110.10 2 3
github.com/blend/go-sdk/async/autoflush_buffer.go:111.17,112.34 1 1
github.com/blend/go-sdk/async/autoflush_buffer.go:113.19,114.22 1 2
github.com/blend/go-sdk/async/autoflush_buffer.go:117.4,118.10 2 2
github.com/blend/go-sdk/async/autoflush_buffer.go:114.22,116.5 1 2
github.com/blend/go-sdk/async/autoflush_buffer.go:124.41,125.19 1 2
github.com/blend/go-sdk/async/autoflush_buffer.go:128.2,130.12 3 2
github.com/blend/go-sdk/async/autoflush_buffer.go:125.19,127.3 1 0
github.com/blend/go-sdk/async/autoflush_buffer.go:135.49,140.36 4 40
github.com/blend/go-sdk/async/autoflush_buffer.go:140.36,142.3 1 2
github.com/blend/go-sdk/async/autoflush_buffer.go:146.57,150.27 3 0
github.com/blend/go-sdk/async/autoflush_buffer.go:150.27,152.37 2 0
github.com/blend/go-sdk/async/autoflush_buffer.go:152.37,154.4 1 0
github.com/blend/go-sdk/async/autoflush_buffer.go:160.55,164.2 3 2
github.com/blend/go-sdk/async/autoflush_buffer.go:168.60,172.2 3 1
github.com/blend/go-sdk/async/autoflush_buffer.go:175.90,177.2 1 3
github.com/blend/go-sdk/async/autoflush_buffer.go:180.85,181.23 1 5
github.com/blend/go-sdk/async/autoflush_buffer.go:181.23,182.24 1 5
github.com/blend/go-sdk/async/autoflush_buffer.go:182.24,183.25 1 3
github.com/blend/go-sdk/async/autoflush_buffer.go:183.25,185.5 1 3
github.com/blend/go-sdk/async/recover.go:17.54,18.15 1 3
github.com/blend/go-sdk/async/recover.go:24.2,24.33 1 3
github.com/blend/go-sdk/async/recover.go:18.15,19.48 1 3
github.com/blend/go-sdk/async/recover.go:19.48,21.4 1 0
github.com/blend/go-sdk/async/recover.go:24.33,26.3 1 0
github.com/blend/go-sdk/async/recover.go:31.79,32.23 1 0
github.com/blend/go-sdk/async/recover.go:32.23,33.16 1 0
github.com/blend/go-sdk/async/recover.go:36.3,36.18 1 0
github.com/blend/go-sdk/async/recover.go:33.16,35.4 1 0
github.com/blend/go-sdk/async/batch.go:10.88,16.33 2 1
github.com/blend/go-sdk/async/batch.go:19.2,19.11 1 1
github.com/blend/go-sdk/async/batch.go:16.33,18.3 1 1
github.com/blend/go-sdk/async/batch.go:26.52,27.24 1 1
github.com/blend/go-sdk/async/batch.go:27.24,29.3 1 1
github.com/blend/go-sdk/async/batch.go:33.55,34.24 1 0
github.com/blend/go-sdk/async/batch.go:34.24,36.3 1 0
github.com/blend/go-sdk/async/batch.go:48.46,52.66 2 1
github.com/blend/go-sdk/async/batch.go:57.2,57.37 1 1
github.com/blend/go-sdk/async/batch.go:66.2,66.15 1 1
github.com/blend/go-sdk/async/batch.go:73.2,76.36 4 1
github.com/blend/go-sdk/async/batch.go:52.66,55.3 2 32
github.com/blend/go-sdk/async/batch.go:57.37,64.3 6 12
github.com/blend/go-sdk/async/batch.go:66.15,67.38 1 1
github.com/blend/go-sdk/async/batch.go:67.38,70.4 2 12
github.com/blend/go-sdk/async/batch.go:76.36,78.10 2 32
github.com/blend/go-sdk/async/batch.go:79.27,80.28 1 32
github.com/blend/go-sdk/async/batch.go:81.21,82.10 1 0
github.com/blend/go-sdk/async/interval.go:21.101,28.33 2 1
github.com/blend/go-sdk/async/interval.go:31.2,31.11 1 1
github.com/blend/go-sdk/async/interval.go:28.33,30.3 1 0
github.com/blend/go-sdk/async/interval.go:38.55,39.27 1 0
github.com/blend/go-sdk/async/interval.go:39.27,41.3 1 0
github.com/blend/go-sdk/async/interval.go:45.61,46.27 1 0
github.com/blend/go-sdk/async/interval.go:46.27,48.3 1 0
github.com/blend/go-sdk/async/interval.go:52.58,53.27 1 0
github.com/blend/go-sdk/async/interval.go:53.27,55.3 1 0
github.com/blend/go-sdk/async/interval.go:75.34,76.19 1 1
github.com/blend/go-sdk/async/interval.go:79.2,81.12 3 1
github.com/blend/go-sdk/async/interval.go:76.19,78.3 1 0
github.com/blend/go-sdk/async/interval.go:85.33,86.18 1 1
github.com/blend/go-sdk/async/interval.go:89.2,91.12 3 1
github.com/blend/go-sdk/async/interval.go:86.18,88.3 1 0
github.com/blend/go-sdk/async/interval.go:95.31,98.17 2 1
github.com/blend/go-sdk/async/interval.go:102.2,106.6 4 1
github.com/blend/go-sdk/async/interval.go:98.17,100.3 1 0
github.com/blend/go-sdk/async/interval.go:106.6,108.10 2 2
github.com/blend/go-sdk/async/interval.go:109.15,111.37 2 1
github.com/blend/go-sdk/async/interval.go:114.27,116.10 2 0
github.com/blend/go-sdk/async/interval.go:117.19,119.10 2 1
github.com/blend/go-sdk/async/interval.go:111.37,113.5 1 0
github.com/blend/go-sdk/async/worker.go:10.43,16.2 1 25
github.com/blend/go-sdk/async/worker.go:31.48,32.23 1 41
github.com/blend/go-sdk/async/worker.go:35.2,35.29 1 33
github.com/blend/go-sdk/async/worker.go:32.23,34.3 1 8
github.com/blend/go-sdk/async/worker.go:39.44,41.2 1 41
github.com/blend/go-sdk/async/worker.go:44.33,45.20 1 25
github.com/blend/go-sdk/async/worker.go:48.2,50.12 3 25
github.com/blend/go-sdk/async/worker.go:45.20,47.3 1 0
github.com/blend/go-sdk/async/worker.go:54.30,60.6 4 25
github.com/blend/go-sdk/async/worker.go:60.6,63.10 2 66
github.com/blend/go-sdk/async/worker.go:64.29,65.41 1 41
github.com/blend/go-sdk/async/worker.go:66.19,68.10 2 13
github.com/blend/go-sdk/async/worker.go:74.70,75.15 1 41
github.com/blend/go-sdk/async/worker.go:89.2,89.22 1 41
github.com/blend/go-sdk/async/worker.go:75.15,76.31 1 41
github.com/blend/go-sdk/async/worker.go:81.3,81.26 1 41
github.com/blend/go-sdk/async/worker.go:76.31,77.24 1 0
github.com/blend/go-sdk/async/worker.go:77.24,79.5 1 0
github.com/blend/go-sdk/async/worker.go:81.26,82.48 1 40
github.com/blend/go-sdk/async/worker.go:82.48,83.25 1 0
github.com/blend/go-sdk/async/worker.go:83.25,85.6 1 0
github.com/blend/go-sdk/async/worker.go:89.22,90.50 1 41
github.com/blend/go-sdk/async/worker.go:90.50,91.24 1 32
github.com/blend/go-sdk/async/worker.go:91.24,93.5 1 32
github.com/blend/go-sdk/async/worker.go:101.32,102.19 1 12
github.com/blend/go-sdk/async/worker.go:105.2,107.12 3 12
github.com/blend/go-sdk/async/worker.go:102.19,104.3 1 0
github.com/blend/go-sdk/async/worker.go:112.46,119.12 5 0
github.com/blend/go-sdk/async/worker.go:125.2,125.11 1 0
github.com/blend/go-sdk/async/worker.go:119.12,121.34 2 0
github.com/blend/go-sdk/async/worker.go:121.34,123.4 1 0
github.com/blend/go-sdk/async/worker.go:129.33,134.2 4 1
github.com/blend/go-sdk/async/latch.go:9.24,16.2 1 30
github.com/blend/go-sdk/async/latch.go:41.33,43.2 1 29
github.com/blend/go-sdk/async/latch.go:46.32,48.2 1 15
github.com/blend/go-sdk/async/latch.go:51.35,53.2 1 33
github.com/blend/go-sdk/async/latch.go:56.34,58.2 1 41
github.com/blend/go-sdk/async/latch.go:61.35,63.2 1 22
github.com/blend/go-sdk/async/latch.go:66.46,68.2 1 23
github.com/blend/go-sdk/async/latch.go:72.67,77.2 4 1
github.com/blend/go-sdk/async/latch.go:81.65,86.2 4 31
github.com/blend/go-sdk/async/latch.go:90.67,95.2 4 90
github.com/blend/go-sdk/async/latch.go:99.65,104.2 4 18
github.com/blend/go-sdk/async/latch.go:108.28,112.20 3 31
github.com/blend/go-sdk/async/latch.go:115.2,117.34 3 31
github.com/blend/go-sdk/async/latch.go:112.20,114.3 1 0
github.com/blend/go-sdk/async/latch.go:122.27,126.19 3 31
github.com/blend/go-sdk/async/latch.go:129.2,131.33 3 31
github.com/blend/go-sdk/async/latch.go:126.19,128.3 1 0
github.com/blend/go-sdk/async/latch.go:136.28,140.20 3 18
github.com/blend/go-sdk/async/latch.go:143.2,145.34 3 18
github.com/blend/go-sdk/async/latch.go:140.20,142.3 1 0
github.com/blend/go-sdk/async/latch.go:149.27,153.19 3 18
github.com/blend/go-sdk/async/latch.go:156.2,158.33 3 18
github.com/blend/go-sdk/async/latch.go:153.19,155.3 1 0
github.com/blend/go-sdk/async/latch.go:162.31,163.19 1 0
github.com/blend/go-sdk/async/latch.go:166.2,168.11 3 0
github.com/blend/go-sdk/async/latch.go:163.19,165.3 1 0
github.com/blend/go-sdk/async/latch.go:172.31,173.18 1 0
github.com/blend/go-sdk/async/latch.go:176.2,178.11 3 0
github.com/blend/go-sdk/async/latch.go:173.18,175.3 1 0
github.com/blend/go-sdk/async/queue.go:11.65,19.33 2 1
github.com/blend/go-sdk/async/queue.go:22.2,22.11 1 1
github.com/blend/go-sdk/async/queue.go:19.33,21.3 1 0
github.com/blend/go-sdk/async/queue.go:29.55,30.24 1 0
github.com/blend/go-sdk/async/queue.go:30.24,32.3 1 0
github.com/blend/go-sdk/async/queue.go:36.47,37.24 1 0
github.com/blend/go-sdk/async/queue.go:37.24,39.3 1 0
github.com/blend/go-sdk/async/queue.go:43.52,44.24 1 0
github.com/blend/go-sdk/async/queue.go:44.24,46.3 1 0
github.com/blend/go-sdk/async/queue.go:50.55,51.24 1 0
github.com/blend/go-sdk/async/queue.go:51.24,53.3 1 0
github.com/blend/go-sdk/async/queue.go:72.46,73.22 1 0
github.com/blend/go-sdk/async/queue.go:76.2,76.29 1 0
github.com/blend/go-sdk/async/queue.go:73.22,75.3 1 0
github.com/blend/go-sdk/async/queue.go:80.42,82.2 1 8
github.com/blend/go-sdk/async/queue.go:86.31,87.19 1 1
github.com/blend/go-sdk/async/queue.go:90.2,96.37 4 1
github.com/blend/go-sdk/async/queue.go:107.2,108.12 2 1
github.com/blend/go-sdk/async/queue.go:87.19,89.3 1 0
github.com/blend/go-sdk/async/queue.go:96.37,106.3 7 12
github.com/blend/go-sdk/async/queue.go:112.28,116.6 4 1
github.com/blend/go-sdk/async/queue.go:116.6,117.10 1 9
github.com/blend/go-sdk/async/queue.go:118.28,119.11 1 8
github.com/blend/go-sdk/async/queue.go:126.29,128.10 2 1
github.com/blend/go-sdk/async/queue.go:120.30,121.29 1 8
github.com/blend/go-sdk/async/queue.go:122.30,124.11 2 0
github.com/blend/go-sdk/async/queue.go:134.30,135.18 1 0
github.com/blend/go-sdk/async/queue.go:138.2,138.37 1 0
github.com/blend/go-sdk/async/queue.go:143.2,143.12 1 0
github.com/blend/go-sdk/async/queue.go:135.18,137.3 1 0
github.com/blend/go-sdk/async/queue.go:138.37,142.3 3 0
github.com/blend/go-sdk/async/queue.go:148.31,152.2 3 1
github.com/blend/go-sdk/async/queue.go:156.73,159.2 2 8
github.com/blend/go-sdk/async/run_to_error.go:5.44,8.25 3 2
github.com/blend/go-sdk/async/run_to_error.go:18.2,18.9 1 2
github.com/blend/go-sdk/async/run_to_error.go:8.25,9.28 1 3
github.com/blend/go-sdk/async/run_to_error.go:9.28,10.17 1 3
github.com/blend/go-sdk/async/run_to_error.go:15.4,15.19 1 3
github.com/blend/go-sdk/async/run_to_error.go:10.17,11.33 1 3
github.com/blend/go-sdk/async/run_to_error.go:11.33,13.6 1 1
github.com/blend/go-sdk/async/run_to_error.go:19.24,20.11 1 1
github.com/blend/go-sdk/async/run_to_error.go:21.24,22.13 1 1
github.com/blend/go-sdk/bindata/bundle.go:20.48,21.25 1 1
github.com/blend/go-sdk/bindata/bundle.go:24.2,24.17 1 0
github.com/blend/go-sdk/bindata/bundle.go:21.25,23.3 1 1
github.com/blend/go-sdk/bindata/bundle.go:28.48,35.2 1 1
github.com/blend/go-sdk/bindata/bundle.go:38.69,39.19 1 2
github.com/blend/go-sdk/bindata/bundle.go:54.2,54.12 1 2
github.com/blend/go-sdk/bindata/bundle.go:39.19,41.17 2 1
github.com/blend/go-sdk/bindata/bundle.go:44.3,44.54 1 1
github.com/blend/go-sdk/bindata/bundle.go:41.17,43.4 1 0
github.com/blend/go-sdk/bindata/bundle.go:44.54,46.4 1 0
github.com/blend/go-sdk/bindata/bundle.go:47.8,48.65 1 1
github.com/blend/go-sdk/bindata/bundle.go:48.65,50.4 1 1
github.com/blend/go-sdk/bindata/bundle.go:50.18,52.4 1 0
github.com/blend/go-sdk/bindata/bundle.go:58.49,60.2 1 1
github.com/blend/go-sdk/bindata/bundle.go:62.54,82.2 1 1
github.com/blend/go-sdk/bindata/bundle.go:84.55,97.2 1 1
github.com/blend/go-sdk/bindata/bundle.go:99.56,124.2 1 1
github.com/blend/go-sdk/bindata/bundle.go:126.60,132.2 1 1
github.com/blend/go-sdk/bindata/bundle.go:134.70,139.2 1 2
github.com/blend/go-sdk/bindata/bundle.go:141.78,162.2 1 2
github.com/blend/go-sdk/bindata/bundle.go:164.60,169.2 1 1
github.com/blend/go-sdk/bindata/bundle.go:171.48,172.27 1 6
github.com/blend/go-sdk/bindata/bundle.go:177.2,177.12 1 6
github.com/blend/go-sdk/bindata/bundle.go:172.27,173.17 1 20
github.com/blend/go-sdk/bindata/bundle.go:173.17,175.4 1 0
github.com/blend/go-sdk/bindata/bundle.go:180.61,182.2 1 0
github.com/blend/go-sdk/bindata/bundle.go:184.70,186.29 2 12
github.com/blend/go-sdk/bindata/bundle.go:192.2,192.12 1 12
github.com/blend/go-sdk/bindata/bundle.go:186.29,188.17 2 70
github.com/blend/go-sdk/bindata/bundle.go:188.17,190.4 1 0
github.com/blend/go-sdk/bindata/bundle.go:195.59,197.2 1 2
github.com/blend/go-sdk/bindata/bundle.go:199.54,201.2 1 74
github.com/blend/go-sdk/bindata/bundle.go:205.100,206.82 1 3
github.com/blend/go-sdk/bindata/bundle.go:206.82,207.17 1 11
github.com/blend/go-sdk/bindata/bundle.go:210.3,210.34 1 11
github.com/blend/go-sdk/bindata/bundle.go:218.3,218.19 1 10
github.com/blend/go-sdk/bindata/bundle.go:221.3,222.17 2 4
github.com/blend/go-sdk/bindata/bundle.go:225.3,225.35 1 4
github.com/blend/go-sdk/bindata/bundle.go:228.3,228.13 1 4
github.com/blend/go-sdk/bindata/bundle.go:207.17,209.4 1 0
github.com/blend/go-sdk/bindata/bundle.go:210.34,211.32 1 4
github.com/blend/go-sdk/bindata/bundle.go:211.32,212.21 1 1
github.com/blend/go-sdk/bindata/bundle.go:215.5,215.15 1 0
github.com/blend/go-sdk/bindata/bundle.go:212.21,214.6 1 1
github.com/blend/go-sdk/bindata/bundle.go:218.19,220.4 1 6
github.com/blend/go-sdk/bindata/bundle.go:222.17,224.4 1 0
github.com/blend/go-sdk/bindata/bundle.go:225.35,227.4 1 0
github.com/blend/go-sdk/bindata/bundle.go:232.54,234.16 2 5
github.com/blend/go-sdk/bindata/bundle.go:237.2,238.16 2 5
github.com/blend/go-sdk/bindata/bundle.go:242.2,246.8 1 5
github.com/blend/go-sdk/bindata/bundle.go:234.16,236.3 1 0
github.com/blend/go-sdk/bindata/bundle.go:238.16,240.3 1 0
github.com/blend/go-sdk/bindata/byte_writer.go:14.46,16.2 1 1
github.com/blend/go-sdk/bindata/byte_writer.go:25.57,26.17 1 11
github.com/blend/go-sdk/bindata/byte_writer.go:30.2,30.18 1 11
github.com/blend/go-sdk/bindata/byte_writer.go:45.2,46.8 2 11
github.com/blend/go-sdk/bindata/byte_writer.go:26.17,28.3 1 0
github.com/blend/go-sdk/bindata/byte_writer.go:30.18,31.18 1 131
github.com/blend/go-sdk/bindata/byte_writer.go:41.3,42.8 2 131
github.com/blend/go-sdk/bindata/byte_writer.go:31.18,32.13 1 5
github.com/blend/go-sdk/bindata/byte_writer.go:35.4,36.11 2 5
github.com/blend/go-sdk/bindata/byte_writer.go:32.13,34.5 1 0
github.com/blend/go-sdk/bindata/byte_writer.go:37.9,39.4 1 126
github.com/blend/go-sdk/bindata/file_compressor.go:13.59,18.2 1 5
github.com/blend/go-sdk/bindata/file_compressor.go:28.77,34.6 5 2
github.com/blend/go-sdk/bindata/file_compressor.go:61.2,61.21 1 2
github.com/blend/go-sdk/bindata/file_compressor.go:34.6,36.13 2 4
github.com/blend/go-sdk/bindata/file_compressor.go:54.3,54.16 1 4
github.com/blend/go-sdk/bindata/file_compressor.go:36.13,38.17 2 2
github.com/blend/go-sdk/bindata/file_compressor.go:41.4,42.14 2 2
github.com/blend/go-sdk/bindata/file_compressor.go:45.4,45.17 1 2
github.com/blend/go-sdk/bindata/file_compressor.go:49.4,49.16 1 2
github.com/blend/go-sdk/bindata/file_compressor.go:38.17,40.5 1 0
github.com/blend/go-sdk/bindata/file_compressor.go:42.14,44.5 1 2
github.com/blend/go-sdk/bindata/file_compressor.go:45.17,47.10 2 0
github.com/blend/go-sdk/bindata/file_compressor.go:49.16,51.10 2 0
github.com/blend/go-sdk/bindata/file_compressor.go:54.16,55.20 1 2
github.com/blend/go-sdk/bindata/file_compressor.go:58.4,58.9 1 2
github.com/blend/go-sdk/bindata/file_compressor.go:55.20,57.5 1 0
github.com/blend/go-sdk/bindata/file_compressor.go:65.41,67.2 1 0
github.com/blend/go-sdk/bitflag/bitflag.go:4.41,6.31 2 7
github.com/blend/go-sdk/bitflag/bitflag.go:9.2,9.28 1 7
github.com/blend/go-sdk/bitflag/bitflag.go:6.31,8.3 1 18
github.com/blend/go-sdk/bitflag/bitflag.go:16.44,18.2 1 2
github.com/blend/go-sdk/bitflag/bitflag.go:21.44,23.2 1 2
github.com/blend/go-sdk/bitflag/bitflag.go:26.47,28.2 1 2
github.com/blend/go-sdk/bitflag/bitflag.go:31.49,33.2 1 3
github.com/blend/go-sdk/breaker/breaker.go:24.42,26.16 2 1
github.com/blend/go-sdk/breaker/breaker.go:29.2,29.10 1 1
github.com/blend/go-sdk/breaker/breaker.go:26.16,27.13 1 0
github.com/blend/go-sdk/breaker/breaker.go:33.47,39.30 2 6
github.com/blend/go-sdk/breaker/breaker.go:44.2,44.16 1 6
github.com/blend/go-sdk/breaker/breaker.go:39.30,40.33 1 5
github.com/blend/go-sdk/breaker/breaker.go:40.33,42.4 1 0
github.com/blend/go-sdk/breaker/breaker.go:89.79,91.16 2 19
github.com/blend/go-sdk/breaker/breaker.go:97.2,97.15 1 14
github.com/blend/go-sdk/breaker/breaker.go:103.2,105.17 3 14
github.com/blend/go-sdk/breaker/breaker.go:91.16,92.26 1 5
github.com/blend/go-sdk/breaker/breaker.go:95.3,95.18 1 4
github.com/blend/go-sdk/breaker/breaker.go:92.26,94.4 1 1
github.com/blend/go-sdk/breaker/breaker.go:97.15,98.31 1 14
github.com/blend/go-sdk/breaker/breaker.go:98.31,100.4 1 0
github.com/blend/go-sdk/breaker/breaker.go:109.60,116.2 5 9
github.com/blend/go-sdk/breaker/breaker.go:118.68,125.24 5 19
github.com/blend/go-sdk/breaker/breaker.go:131.2,132.24 2 14
github.com/blend/go-sdk/breaker/breaker.go:125.24,127.3 1 4
github.com/blend/go-sdk/breaker/breaker.go:127.8,127.80 1 15
github.com/blend/go-sdk/breaker/breaker.go:127.80,129.3 1 1
github.com/blend/go-sdk/breaker/breaker.go:135.84,141.30 5 14
github.com/blend/go-sdk/breaker/breaker.go:145.2,145.13 1 14
github.com/blend/go-sdk/breaker/breaker.go:149.2,149.28 1 12
github.com/blend/go-sdk/breaker/breaker.go:141.30,143.3 1 0
github.com/blend/go-sdk/breaker/breaker.go:145.13,148.3 2 2
github.com/blend/go-sdk/breaker/breaker.go:152.76,153.15 1 2
github.com/blend/go-sdk/breaker/breaker.go:154.19,157.54 3 1
github.com/blend/go-sdk/breaker/breaker.go:158.21,162.60 4 1
github.com/blend/go-sdk/breaker/breaker.go:162.60,164.4 1 1
github.com/blend/go-sdk/breaker/breaker.go:168.76,169.15 1 12
github.com/blend/go-sdk/breaker/breaker.go:170.19,174.24 4 11
github.com/blend/go-sdk/breaker/breaker.go:177.21,178.34 1 1
github.com/blend/go-sdk/breaker/breaker.go:174.24,176.4 1 1
github.com/blend/go-sdk/breaker/breaker.go:182.99,183.17 1 42
github.com/blend/go-sdk/breaker/breaker.go:193.2,193.30 1 42
github.com/blend/go-sdk/breaker/breaker.go:184.19,185.63 1 28
github.com/blend/go-sdk/breaker/breaker.go:188.17,189.33 1 9
github.com/blend/go-sdk/breaker/breaker.go:185.63,187.4 1 0
github.com/blend/go-sdk/breaker/breaker.go:189.33,191.4 1 2
github.com/blend/go-sdk/breaker/breaker.go:196.77,197.22 1 5
github.com/blend/go-sdk/breaker/breaker.go:201.2,204.28 4 5
github.com/blend/go-sdk/breaker/breaker.go:197.22,199.3 1 0
github.com/blend/go-sdk/breaker/breaker.go:204.28,206.3 1 0
github.com/blend/go-sdk/breaker/breaker.go:209.54,214.17 4 5
github.com/blend/go-sdk/breaker/breaker.go:215.19,216.34 1 1
github.com/blend/go-sdk/breaker/breaker.go:221.17,222.51 1 2
github.com/blend/go-sdk/breaker/breaker.go:223.10,224.26 1 2
github.com/blend/go-sdk/breaker/breaker.go:216.34,218.4 1 1
github.com/blend/go-sdk/breaker/breaker.go:218.9,220.4 1 0
github.com/blend/go-sdk/breaker/breaker.go:228.56,229.33 1 11
github.com/blend/go-sdk/breaker/breaker.go:232.2,232.66 1 11
github.com/blend/go-sdk/breaker/breaker.go:229.33,231.3 1 0
github.com/blend/go-sdk/breaker/breaker.go:235.35,236.26 1 33
github.com/blend/go-sdk/breaker/breaker.go:239.2,239.19 1 33
github.com/blend/go-sdk/breaker/breaker.go:236.26,238.3 1 0
github.com/blend/go-sdk/breaker/errors.go:13.32,15.2 1 3
github.com/blend/go-sdk/breaker/errors.go:18.43,20.2 1 3
github.com/blend/go-sdk/breaker/option.go:11.53,12.32 1 2
github.com/blend/go-sdk/breaker/option.go:12.32,15.3 2 2
github.com/blend/go-sdk/breaker/option.go:19.61,20.32 1 3
github.com/blend/go-sdk/breaker/option.go:20.32,23.3 2 3
github.com/blend/go-sdk/breaker/option.go:27.59,28.32 1 2
github.com/blend/go-sdk/breaker/option.go:28.32,31.3 2 2
github.com/blend/go-sdk/breaker/option.go:35.35,36.32 1 1
github.com/blend/go-sdk/breaker/option.go:36.32,41.3 4 1
github.com/blend/go-sdk/breaker/option.go:45.42,46.32 1 2
github.com/blend/go-sdk/breaker/option.go:46.32,49.3 2 2
github.com/blend/go-sdk/breaker/option.go:53.60,54.32 1 1
github.com/blend/go-sdk/breaker/option.go:54.32,57.3 2 1
github.com/blend/go-sdk/breaker/option.go:61.64,62.32 1 1
github.com/blend/go-sdk/breaker/option.go:62.32,65.3 2 1
github.com/blend/go-sdk/breaker/option.go:69.50,70.32 1 1
github.com/blend/go-sdk/breaker/option.go:70.32,73.3 2 1
github.com/blend/go-sdk/breaker/state.go:16.32,17.11 1 4
github.com/blend/go-sdk/breaker/state.go:18.19,19.18 1 1
github.com/blend/go-sdk/breaker/state.go:20.21,21.21 1 1
github.com/blend/go-sdk/breaker/state.go:22.17,23.16 1 1
github.com/blend/go-sdk/breaker/state.go:24.10,25.45 1 1
github.com/blend/go-sdk/bufferutil/pool.go:26.36,28.43 1 2
github.com/blend/go-sdk/bufferutil/pool.go:28.43,32.4 3 2
github.com/blend/go-sdk/bufferutil/pool.go:42.36,44.2 1 2
github.com/blend/go-sdk/bufferutil/pool.go:47.37,50.2 2 2
github.com/blend/go-sdk/bufferutil/buffer.go:10.41,14.2 3 0
github.com/blend/go-sdk/bufferutil/buffer.go:33.66,47.22 9 9
github.com/blend/go-sdk/bufferutil/buffer.go:51.2,51.8 1 9
github.com/blend/go-sdk/bufferutil/buffer.go:47.22,50.3 1 0
github.com/blend/go-sdk/bufferutil/buffer.go:55.33,59.33 4 1
github.com/blend/go-sdk/bufferutil/buffer.go:62.2,62.23 1 1
github.com/blend/go-sdk/bufferutil/buffer.go:59.33,61.3 1 2
github.com/blend/go-sdk/bufferutil/buffer.go:66.34,68.2 1 1
github.com/blend/go-sdk/bufferutil/buffer_chunk.go:18.42,25.2 3 0
github.com/blend/go-sdk/bufferutil/buffer_chunk.go:28.53,33.2 1 1
github.com/blend/go-sdk/bufferutil/buffer_chunk.go:36.61,38.55 2 1
github.com/blend/go-sdk/bufferutil/buffer_chunk.go:42.2,42.42 1 1
github.com/blend/go-sdk/bufferutil/buffer_chunk.go:49.2,49.43 1 1
github.com/blend/go-sdk/bufferutil/buffer_chunk.go:52.2,52.12 1 1
github.com/blend/go-sdk/bufferutil/buffer_chunk.go:38.55,40.3 1 0
github.com/blend/go-sdk/bufferutil/buffer_chunk.go:42.42,44.17 2 1
github.com/blend/go-sdk/bufferutil/buffer_chunk.go:47.3,47.24 1 1
github.com/blend/go-sdk/bufferutil/buffer_chunk.go:44.17,46.4 1 0
github.com/blend/go-sdk/bufferutil/buffer_chunk.go:49.43,51.3 1 1
github.com/blend/go-sdk/bufferutil/buffer_handlers.go:17.71,21.24 3 2
github.com/blend/go-sdk/bufferutil/buffer_handlers.go:25.2,25.69 1 2
github.com/blend/go-sdk/bufferutil/buffer_handlers.go:29.2,33.22 3 2
github.com/blend/go-sdk/bufferutil/buffer_handlers.go:21.24,23.3 1 1
github.com/blend/go-sdk/bufferutil/buffer_handlers.go:25.69,28.3 2 2
github.com/blend/go-sdk/bufferutil/buffer_handlers.go:37.46,41.24 3 0
github.com/blend/go-sdk/bufferutil/buffer_handlers.go:44.2,44.35 1 0
github.com/blend/go-sdk/bufferutil/buffer_handlers.go:49.2,49.26 1 0
github.com/blend/go-sdk/bufferutil/buffer_handlers.go:41.24,43.3 1 0
github.com/blend/go-sdk/bufferutil/buffer_handlers.go:44.35,48.3 3 0
github.com/blend/go-sdk/bufferutil/buffer_handlers.go:53.53,57.38 3 1
github.com/blend/go-sdk/bufferutil/buffer_handlers.go:57.38,59.3 1 2
github.com/blend/go-sdk/bufferutil/buffer_handlers.go:63.35,67.36 3 1
github.com/blend/go-sdk/bufferutil/buffer_handlers.go:67.36,71.3 3 2
github.com/blend/go-sdk/bufferutil/buffer_returner.go:7.64,9.2 1 1
github.com/blend/go-sdk/bufferutil/buffer_returner.go:18.38,21.2 2 1
github.com/blend/go-sdk/cache/lru_heap.go:10.28,12.2 1 5
github.com/blend/go-sdk/cache/lru_heap.go:23.31,25.2 1 1
github.com/blend/go-sdk/cache/lru_heap.go:28.41,30.2 1 18
github.com/blend/go-sdk/cache/lru_heap.go:33.34,34.26 1 11
github.com/blend/go-sdk/cache/lru_heap.go:37.2,37.39 1 9
github.com/blend/go-sdk/cache/lru_heap.go:34.26,36.3 1 2
github.com/blend/go-sdk/cache/lru_heap.go:41.42,42.26 1 2
github.com/blend/go-sdk/cache/lru_heap.go:46.2,47.39 2 1
github.com/blend/go-sdk/cache/lru_heap.go:53.2,54.26 2 1
github.com/blend/go-sdk/cache/lru_heap.go:42.26,44.3 1 1
github.com/blend/go-sdk/cache/lru_heap.go:47.39,48.32 1 3
github.com/blend/go-sdk/cache/lru_heap.go:48.32,50.9 2 1
github.com/blend/go-sdk/cache/lru_heap.go:58.45,59.26 1 2
github.com/blend/go-sdk/cache/lru_heap.go:62.2,63.39 2 1
github.com/blend/go-sdk/cache/lru_heap.go:69.2,69.29 1 1
github.com/blend/go-sdk/cache/lru_heap.go:59.26,61.3 1 1
github.com/blend/go-sdk/cache/lru_heap.go:63.39,64.23 1 1
github.com/blend/go-sdk/cache/lru_heap.go:64.23,66.9 2 1
github.com/blend/go-sdk/cache/lru_heap.go:73.35,74.26 1 9
github.com/blend/go-sdk/cache/lru_heap.go:77.2,77.22 1 8
github.com/blend/go-sdk/cache/lru_heap.go:74.26,76.3 1 1
github.com/blend/go-sdk/cache/lru_heap.go:83.63,84.26 1 1
github.com/blend/go-sdk/cache/lru_heap.go:88.2,89.27 2 1
github.com/blend/go-sdk/cache/lru_heap.go:84.26,86.3 1 0
github.com/blend/go-sdk/cache/lru_heap.go:89.27,90.28 1 4
github.com/blend/go-sdk/cache/lru_heap.go:93.3,93.12 1 3
github.com/blend/go-sdk/cache/lru_heap.go:90.28,92.4 1 1
github.com/blend/go-sdk/cache/lru_queue.go:12.30,16.2 1 13
github.com/blend/go-sdk/cache/lru_queue.go:30.38,32.2 1 18
github.com/blend/go-sdk/cache/lru_queue.go:35.37,37.2 1 2
github.com/blend/go-sdk/cache/lru_queue.go:40.30,41.25 1 1
github.com/blend/go-sdk/cache/lru_queue.go:47.2,49.14 3 1
github.com/blend/go-sdk/cache/lru_queue.go:41.25,43.3 1 0
github.com/blend/go-sdk/cache/lru_queue.go:43.8,46.3 2 1
github.com/blend/go-sdk/cache/lru_queue.go:53.42,54.32 1 73
github.com/blend/go-sdk/cache/lru_queue.go:57.2,59.12 3 73
github.com/blend/go-sdk/cache/lru_queue.go:54.32,56.3 1 7
github.com/blend/go-sdk/cache/lru_queue.go:63.35,64.19 1 31
github.com/blend/go-sdk/cache/lru_queue.go:68.2,71.16 4 31
github.com/blend/go-sdk/cache/lru_queue.go:64.19,66.3 1 0
github.com/blend/go-sdk/cache/lru_queue.go:75.36,76.19 1 33
github.com/blend/go-sdk/cache/lru_queue.go:79.2,79.28 1 31
github.com/blend/go-sdk/cache/lru_queue.go:76.19,78.3 1 2
github.com/blend/go-sdk/cache/lru_queue.go:83.40,84.19 1 18
github.com/blend/go-sdk/cache/lru_queue.go:87.2,87.19 1 16
github.com/blend/go-sdk/cache/lru_queue.go:90.2,90.30 1 7
github.com/blend/go-sdk/cache/lru_queue.go:84.19,86.3 1 2
github.com/blend/go-sdk/cache/lru_queue.go:87.19,89.3 1 9
github.com/blend/go-sdk/cache/lru_queue.go:94.40,95.19 1 5
github.com/blend/go-sdk/cache/lru_queue.go:98.2,98.18 1 5
github.com/blend/go-sdk/cache/lru_queue.go:102.2,105.31 4 5
github.com/blend/go-sdk/cache/lru_queue.go:115.2,115.15 1 5
github.com/blend/go-sdk/cache/lru_queue.go:118.2,121.21 4 5
github.com/blend/go-sdk/cache/lru_queue.go:95.19,97.3 1 0
github.com/blend/go-sdk/cache/lru_queue.go:98.18,99.35 1 0
github.com/blend/go-sdk/cache/lru_queue.go:105.31,106.25 1 21
github.com/blend/go-sdk/cache/lru_queue.go:112.3,113.14 2 21
github.com/blend/go-sdk/cache/lru_queue.go:106.25,109.4 2 5
github.com/blend/go-sdk/cache/lru_queue.go:109.9,111.4 1 16
github.com/blend/go-sdk/cache/lru_queue.go:115.15,117.3 1 2
github.com/blend/go-sdk/cache/lru_queue.go:125.46,126.19 1 3
github.com/blend/go-sdk/cache/lru_queue.go:129.2,129.16 1 3
github.com/blend/go-sdk/cache/lru_queue.go:133.2,137.28 4 3
github.com/blend/go-sdk/cache/lru_queue.go:144.2,144.35 1 3
github.com/blend/go-sdk/cache/lru_queue.go:126.19,128.3 1 0
github.com/blend/go-sdk/cache/lru_queue.go:129.16,130.33 1 0
github.com/blend/go-sdk/cache/lru_queue.go:137.28,139.22 2 11
github.com/blend/go-sdk/cache/lru_queue.go:139.22,142.4 2 8
github.com/blend/go-sdk/cache/lru_queue.go:144.35,146.3 1 8
github.com/blend/go-sdk/cache/lru_queue.go:150.55,151.19 1 6
github.com/blend/go-sdk/cache/lru_queue.go:155.2,155.25 1 6
github.com/blend/go-sdk/cache/lru_queue.go:151.19,153.3 1 0
github.com/blend/go-sdk/cache/lru_queue.go:155.25,156.55 1 5
github.com/blend/go-sdk/cache/lru_queue.go:156.55,157.36 1 20
github.com/blend/go-sdk/cache/lru_queue.go:157.36,159.5 1 0
github.com/blend/go-sdk/cache/lru_queue.go:161.8,162.61 1 1
github.com/blend/go-sdk/cache/lru_queue.go:167.3,167.48 1 1
github.com/blend/go-sdk/cache/lru_queue.go:162.61,163.36 1 8
github.com/blend/go-sdk/cache/lru_queue.go:163.36,165.5 1 0
github.com/blend/go-sdk/cache/lru_queue.go:167.48,168.36 1 0
github.com/blend/go-sdk/cache/lru_queue.go:168.36,170.5 1 0
github.com/blend/go-sdk/cache/lru_queue.go:177.58,178.19 1 3
github.com/blend/go-sdk/cache/lru_queue.go:182.2,182.32 1 3
github.com/blend/go-sdk/cache/lru_queue.go:178.19,180.3 1 0
github.com/blend/go-sdk/cache/lru_queue.go:182.32,183.28 1 12
github.com/blend/go-sdk/cache/lru_queue.go:186.3,186.12 1 12
github.com/blend/go-sdk/cache/lru_queue.go:183.28,185.4 1 0
github.com/blend/go-sdk/cache/lru_queue.go:195.35,197.31 2 1
github.com/blend/go-sdk/cache/lru_queue.go:197.31,199.3 1 1
github.com/blend/go-sdk/cache/lru_queue.go:206.41,211.31 4 7
github.com/blend/go-sdk/cache/lru_queue.go:215.2,215.20 1 7
github.com/blend/go-sdk/cache/lru_queue.go:211.31,213.3 1 0
github.com/blend/go-sdk/cache/lru_queue.go:218.48,220.18 2 8
github.com/blend/go-sdk/cache/lru_queue.go:228.2,230.26 3 8
github.com/blend/go-sdk/cache/lru_queue.go:220.18,221.26 1 7
github.com/blend/go-sdk/cache/lru_queue.go:221.26,223.4 1 0
github.com/blend/go-sdk/cache/lru_queue.go:223.9,226.4 2 7
github.com/blend/go-sdk/cache/lru_queue.go:230.26,232.3 1 1
github.com/blend/go-sdk/cache/lru_queue.go:232.8,234.3 1 7
github.com/blend/go-sdk/cache/lru_queue.go:241.53,242.30 1 2
github.com/blend/go-sdk/cache/lru_queue.go:242.30,245.3 2 8
github.com/blend/go-sdk/cache/lru_queue.go:248.102,249.30 1 14
github.com/blend/go-sdk/cache/lru_queue.go:249.30,254.3 3 44
github.com/blend/go-sdk/cache/removal_reason.go:7.41,8.12 1 0
github.com/blend/go-sdk/cache/removal_reason.go:9.15,10.19 1 0
github.com/blend/go-sdk/cache/removal_reason.go:11.15,12.19 1 0
github.com/blend/go-sdk/cache/removal_reason.go:13.10,14.19 1 0
github.com/blend/go-sdk/cache/value.go:11.47,12.24 1 4
github.com/blend/go-sdk/cache/value.go:12.24,14.3 1 4
github.com/blend/go-sdk/cache/value.go:18.53,19.24 1 4
github.com/blend/go-sdk/cache/value.go:19.24,21.3 1 4
github.com/blend/go-sdk/cache/value.go:25.49,26.24 1 4
github.com/blend/go-sdk/cache/value.go:26.24,28.3 1 4
github.com/blend/go-sdk/cache/value.go:32.77,33.24 1 2
github.com/blend/go-sdk/cache/value.go:33.24,35.3 1 2
github.com/blend/go-sdk/cache/lru_heap_values.go:16.37,16.57 1 31
github.com/blend/go-sdk/cache/lru_heap_values.go:19.47,19.97 1 61
github.com/blend/go-sdk/cache/lru_heap_values.go:22.42,22.81 1 37
github.com/blend/go-sdk/cache/lru_heap_values.go:25.48,27.2 1 18
github.com/blend/go-sdk/cache/lru_heap_values.go:30.46,36.2 5 10
github.com/blend/go-sdk/cache/local_cache.go:19.61,25.30 3 8
github.com/blend/go-sdk/cache/local_cache.go:28.2,28.11 1 8
github.com/blend/go-sdk/cache/local_cache.go:25.30,27.3 1 1
github.com/blend/go-sdk/cache/local_cache.go:35.67,36.30 1 1
github.com/blend/go-sdk/cache/local_cache.go:36.30,38.3 1 1
github.com/blend/go-sdk/cache/local_cache.go:50.37,52.2 1 1
github.com/blend/go-sdk/cache/local_cache.go:55.55,57.2 1 1
github.com/blend/go-sdk/cache/local_cache.go:60.36,62.2 1 1
github.com/blend/go-sdk/cache/local_cache.go:65.55,67.2 1 0
github.com/blend/go-sdk/cache/local_cache.go:77.56,83.37 5 2
github.com/blend/go-sdk/cache/local_cache.go:97.2,97.35 1 2
github.com/blend/go-sdk/cache/local_cache.go:100.2,103.35 2 2
github.com/blend/go-sdk/cache/local_cache.go:106.2,106.12 1 2
github.com/blend/go-sdk/cache/local_cache.go:83.37,84.50 1 2
github.com/blend/go-sdk/cache/local_cache.go:94.3,94.15 1 0
github.com/blend/go-sdk/cache/local_cache.go:84.50,86.25 2 2
github.com/blend/go-sdk/cache/local_cache.go:92.4,92.15 1 2
github.com/blend/go-sdk/cache/local_cache.go:86.25,91.5 1 2
github.com/blend/go-sdk/cache/local_cache.go:97.35,99.3 1 2
github.com/blend/go-sdk/cache/local_cache.go:103.35,105.3 1 2
github.com/blend/go-sdk/cache/local_cache.go:110.75,111.16 1 16
github.com/blend/go-sdk/cache/local_cache.go:115.2,115.39 1 15
github.com/blend/go-sdk/cache/local_cache.go:119.2,125.30 2 14
github.com/blend/go-sdk/cache/local_cache.go:129.2,130.20 2 14
github.com/blend/go-sdk/cache/local_cache.go:133.2,133.35 1 14
github.com/blend/go-sdk/cache/local_cache.go:140.2,140.13 1 14
github.com/blend/go-sdk/cache/local_cache.go:111.16,112.32 1 1
github.com/blend/go-sdk/cache/local_cache.go:115.39,116.46 1 1
github.com/blend/go-sdk/cache/local_cache.go:125.30,127.3 1 14
github.com/blend/go-sdk/cache/local_cache.go:130.20,132.3 1 0
github.com/blend/go-sdk/cache/local_cache.go:133.35,136.3 2 3
github.com/blend/go-sdk/cache/local_cache.go:136.8,139.3 2 11
github.com/blend/go-sdk/cache/local_cache.go:144.74,148.8 4 13
github.com/blend/go-sdk/cache/local_cache.go:153.2,153.8 1 3
github.com/blend/go-sdk/cache/local_cache.go:148.8,152.3 3 10
github.com/blend/go-sdk/cache/local_cache.go:158.157,159.16 1 6
github.com/blend/go-sdk/cache/local_cache.go:163.2,163.39 1 6
github.com/blend/go-sdk/cache/local_cache.go:168.2,172.8 4 6
github.com/blend/go-sdk/cache/local_cache.go:181.2,182.16 2 4
github.com/blend/go-sdk/cache/local_cache.go:187.2,194.8 4 3
github.com/blend/go-sdk/cache/local_cache.go:201.2,207.30 2 2
github.com/blend/go-sdk/cache/local_cache.go:212.2,212.35 1 2
github.com/blend/go-sdk/cache/local_cache.go:220.2,220.8 1 2
github.com/blend/go-sdk/cache/local_cache.go:159.16,160.32 1 0
github.com/blend/go-sdk/cache/local_cache.go:163.39,164.46 1 0
github.com/blend/go-sdk/cache/local_cache.go:172.8,176.3 3 2
github.com/blend/go-sdk/cache/local_cache.go:182.16,184.3 1 1
github.com/blend/go-sdk/cache/local_cache.go:194.8,198.3 3 1
github.com/blend/go-sdk/cache/local_cache.go:207.30,209.3 1 0
github.com/blend/go-sdk/cache/local_cache.go:212.35,215.3 2 0
github.com/blend/go-sdk/cache/local_cache.go:215.8,218.3 2 2
github.com/blend/go-sdk/cache/local_cache.go:224.55,229.2 4 11
github.com/blend/go-sdk/cache/local_cache.go:232.77,235.8 3 2
github.com/blend/go-sdk/cache/local_cache.go:239.2,240.9 2 2
github.com/blend/go-sdk/cache/local_cache.go:244.2,246.31 3 2
github.com/blend/go-sdk/cache/local_cache.go:249.2,249.8 1 2
github.com/blend/go-sdk/cache/local_cache.go:235.8,238.3 2 2
github.com/blend/go-sdk/cache/local_cache.go:240.9,242.3 1 0
github.com/blend/go-sdk/cache/local_cache.go:246.31,248.3 1 0
github.com/blend/go-sdk/cache/local_cache.go:253.45,259.31 5 1
github.com/blend/go-sdk/cache/local_cache.go:266.2,266.8 1 1
github.com/blend/go-sdk/cache/local_cache.go:259.31,261.25 2 3
github.com/blend/go-sdk/cache/local_cache.go:264.3,264.46 1 3
github.com/blend/go-sdk/cache/local_cache.go:261.25,263.4 1 2
github.com/blend/go-sdk/certutil/create_self_cert.go.go:4.90,6.16 2 1
github.com/blend/go-sdk/certutil/create_self_cert.go.go:9.2,9.49 1 1
github.com/blend/go-sdk/certutil/create_self_cert.go.go:6.16,8.3 1 0
github.com/blend/go-sdk/certutil/read_files.go:15.51,16.16 1 6
github.com/blend/go-sdk/certutil/read_files.go:19.2,19.17 1 6
github.com/blend/go-sdk/certutil/read_files.go:16.16,17.13 1 0
github.com/blend/go-sdk/certutil/read_files.go:24.62,26.2 1 0
github.com/blend/go-sdk/certutil/read_files.go:29.60,31.29 2 1
github.com/blend/go-sdk/certutil/read_files.go:38.2,38.8 1 1
github.com/blend/go-sdk/certutil/read_files.go:31.29,33.17 2 2
github.com/blend/go-sdk/certutil/read_files.go:36.3,36.32 1 2
github.com/blend/go-sdk/certutil/read_files.go:33.17,35.4 1 0
github.com/blend/go-sdk/certutil/cert_manager.go:12.125,14.16 2 1
github.com/blend/go-sdk/certutil/cert_manager.go:17.2,18.16 2 1
github.com/blend/go-sdk/certutil/cert_manager.go:22.2,23.16 2 1
github.com/blend/go-sdk/certutil/cert_manager.go:26.2,27.16 2 1
github.com/blend/go-sdk/certutil/cert_manager.go:31.2,32.33 2 1
github.com/blend/go-sdk/certutil/cert_manager.go:47.2,48.46 2 1
github.com/blend/go-sdk/certutil/cert_manager.go:14.16,16.3 1 0
github.com/blend/go-sdk/certutil/cert_manager.go:18.16,20.3 1 0
github.com/blend/go-sdk/certutil/cert_manager.go:23.16,25.3 1 0
github.com/blend/go-sdk/certutil/cert_manager.go:27.16,29.3 1 0
github.com/blend/go-sdk/certutil/cert_manager.go:32.33,34.17 2 1
github.com/blend/go-sdk/certutil/cert_manager.go:37.3,38.17 2 1
github.com/blend/go-sdk/certutil/cert_manager.go:41.3,41.28 1 1
github.com/blend/go-sdk/certutil/cert_manager.go:44.3,44.40 1 1
github.com/blend/go-sdk/certutil/cert_manager.go:34.17,36.4 1 0
github.com/blend/go-sdk/certutil/cert_manager.go:38.17,40.4 1 0
github.com/blend/go-sdk/certutil/cert_manager.go:41.28,43.4 1 0
github.com/blend/go-sdk/certutil/cert_manager.go:52.64,61.33 3 4
github.com/blend/go-sdk/certutil/cert_manager.go:64.2,64.20 1 4
github.com/blend/go-sdk/certutil/cert_manager.go:61.33,63.3 1 2
github.com/blend/go-sdk/certutil/cert_manager.go:71.67,72.31 1 1
github.com/blend/go-sdk/certutil/cert_manager.go:72.31,72.62 1 1
github.com/blend/go-sdk/certutil/cert_manager.go:76.77,77.31 1 1
github.com/blend/go-sdk/certutil/cert_manager.go:77.31,77.69 1 1
github.com/blend/go-sdk/certutil/cert_manager.go:81.73,82.31 1 0
github.com/blend/go-sdk/certutil/cert_manager.go:82.31,82.66 1 0
github.com/blend/go-sdk/certutil/cert_manager.go:93.59,94.34 1 0
github.com/blend/go-sdk/certutil/cert_manager.go:97.2,97.8 1 0
github.com/blend/go-sdk/certutil/cert_manager.go:94.34,96.3 1 0
github.com/blend/go-sdk/certutil/cert_manager.go:101.61,106.2 4 1
github.com/blend/go-sdk/certutil/cert_manager.go:109.63,114.16 4 4
github.com/blend/go-sdk/certutil/cert_manager.go:117.2,117.27 1 4
github.com/blend/go-sdk/certutil/cert_manager.go:120.2,121.32 2 3
github.com/blend/go-sdk/certutil/cert_manager.go:114.16,116.3 1 0
github.com/blend/go-sdk/certutil/cert_manager.go:117.27,119.3 1 1
github.com/blend/go-sdk/certutil/cert_manager.go:125.59,130.2 4 1
github.com/blend/go-sdk/certutil/cert_manager.go:133.79,138.2 4 1
github.com/blend/go-sdk/certutil/cert_manager.go:141.51,143.40 2 5
github.com/blend/go-sdk/certutil/cert_manager.go:148.2,150.12 3 5
github.com/blend/go-sdk/certutil/cert_manager.go:143.40,144.47 1 4
github.com/blend/go-sdk/certutil/cert_manager.go:144.47,146.4 1 0
github.com/blend/go-sdk/certutil/cert_manager.go:154.99,159.2 4 1
github.com/blend/go-sdk/certutil/cert_options.go:22.82,24.33 2 11
github.com/blend/go-sdk/certutil/cert_options.go:30.2,30.37 1 11
github.com/blend/go-sdk/certutil/cert_options.go:37.2,37.39 1 11
github.com/blend/go-sdk/certutil/cert_options.go:45.2,49.78 4 11
github.com/blend/go-sdk/certutil/cert_options.go:52.2,52.78 1 11
github.com/blend/go-sdk/certutil/cert_options.go:56.2,56.12 1 11
github.com/blend/go-sdk/certutil/cert_options.go:24.33,25.46 1 4
github.com/blend/go-sdk/certutil/cert_options.go:25.46,27.4 1 0
github.com/blend/go-sdk/certutil/cert_options.go:30.37,32.17 2 11
github.com/blend/go-sdk/certutil/cert_options.go:32.17,34.4 1 0
github.com/blend/go-sdk/certutil/cert_options.go:37.39,40.17 3 11
github.com/blend/go-sdk/certutil/cert_options.go:40.17,42.4 1 0
github.com/blend/go-sdk/certutil/cert_options.go:49.78,51.3 1 10
github.com/blend/go-sdk/certutil/cert_options.go:52.78,54.3 1 0
github.com/blend/go-sdk/certutil/client_config.go:12.100,14.16 2 1
github.com/blend/go-sdk/certutil/client_config.go:17.2,18.16 2 1
github.com/blend/go-sdk/certutil/client_config.go:22.2,22.55 1 1
github.com/blend/go-sdk/certutil/client_config.go:25.2,26.16 2 1
github.com/blend/go-sdk/certutil/client_config.go:29.2,32.16 3 1
github.com/blend/go-sdk/certutil/client_config.go:36.2,36.48 1 1
github.com/blend/go-sdk/certutil/client_config.go:46.2,48.20 3 1
github.com/blend/go-sdk/certutil/client_config.go:14.16,16.3 1 0
github.com/blend/go-sdk/certutil/client_config.go:18.16,20.3 1 0
github.com/blend/go-sdk/certutil/client_config.go:22.55,24.3 1 0
github.com/blend/go-sdk/certutil/client_config.go:26.16,28.3 1 0
github.com/blend/go-sdk/certutil/client_config.go:32.16,34.3 1 0
github.com/blend/go-sdk/certutil/client_config.go:36.48,38.17 2 1
github.com/blend/go-sdk/certutil/client_config.go:41.3,41.57 1 1
github.com/blend/go-sdk/certutil/client_config.go:38.17,40.4 1 0
github.com/blend/go-sdk/certutil/client_config.go:41.57,43.4 1 0
github.com/blend/go-sdk/certutil/create_client.go:23.98,24.15 1 2
github.com/blend/go-sdk/certutil/create_client.go:28.2,32.71 4 2
github.com/blend/go-sdk/certutil/create_client.go:36.2,41.16 5 2
github.com/blend/go-sdk/certutil/create_client.go:44.2,45.16 2 2
github.com/blend/go-sdk/certutil/create_client.go:48.2,50.21 3 2
github.com/blend/go-sdk/certutil/create_client.go:24.15,26.3 1 0
github.com/blend/go-sdk/certutil/create_client.go:32.71,34.3 1 0
github.com/blend/go-sdk/certutil/create_client.go:41.16,43.3 1 0
github.com/blend/go-sdk/certutil/create_client.go:45.16,47.3 1 0
github.com/blend/go-sdk/certutil/extend_system_pool.go:10.72,12.16 2 2
github.com/blend/go-sdk/certutil/extend_system_pool.go:15.2,16.35 2 2
github.com/blend/go-sdk/certutil/extend_system_pool.go:25.2,25.18 1 2
github.com/blend/go-sdk/certutil/extend_system_pool.go:12.16,14.3 1 0
github.com/blend/go-sdk/certutil/extend_system_pool.go:16.35,18.17 2 2
github.com/blend/go-sdk/certutil/extend_system_pool.go:21.3,21.51 1 2
github.com/blend/go-sdk/certutil/extend_system_pool.go:18.17,20.4 1 0
github.com/blend/go-sdk/certutil/extend_system_pool.go:21.51,23.4 1 0
github.com/blend/go-sdk/certutil/cert_bundle.go:17.58,19.16 2 5
github.com/blend/go-sdk/certutil/cert_bundle.go:22.2,22.23 1 5
github.com/blend/go-sdk/certutil/cert_bundle.go:26.2,27.16 2 5
github.com/blend/go-sdk/certutil/cert_bundle.go:30.2,30.22 1 5
github.com/blend/go-sdk/certutil/cert_bundle.go:34.2,35.16 2 5
github.com/blend/go-sdk/certutil/cert_bundle.go:38.2,38.36 1 5
github.com/blend/go-sdk/certutil/cert_bundle.go:42.2,44.55 3 5
github.com/blend/go-sdk/certutil/cert_bundle.go:54.2,55.60 2 5
github.com/blend/go-sdk/certutil/cert_bundle.go:61.2,66.8 1 5
github.com/blend/go-sdk/certutil/cert_bundle.go:19.16,21.3 1 0
github.com/blend/go-sdk/certutil/cert_bundle.go:22.23,24.3 1 0
github.com/blend/go-sdk/certutil/cert_bundle.go:27.16,29.3 1 0
github.com/blend/go-sdk/certutil/cert_bundle.go:30.22,32.3 1 0
github.com/blend/go-sdk/certutil/cert_bundle.go:35.16,37.3 1 0
github.com/blend/go-sdk/certutil/cert_bundle.go:38.36,40.3 1 0
github.com/blend/go-sdk/certutil/cert_bundle.go:44.55,46.17 2 10
github.com/blend/go-sdk/certutil/cert_bundle.go:50.3,51.32 2 10
github.com/blend/go-sdk/certutil/cert_bundle.go:46.17,48.4 1 0
github.com/blend/go-sdk/certutil/cert_bundle.go:55.60,57.3 1 5
github.com/blend/go-sdk/certutil/cert_bundle.go:57.8,59.3 1 0
github.com/blend/go-sdk/certutil/cert_bundle.go:79.53,81.16 2 0
github.com/blend/go-sdk/certutil/cert_bundle.go:84.2,84.13 1 0
github.com/blend/go-sdk/certutil/cert_bundle.go:81.16,82.13 1 0
github.com/blend/go-sdk/certutil/cert_bundle.go:88.69,90.47 2 0
github.com/blend/go-sdk/certutil/cert_bundle.go:93.2,94.47 2 0
github.com/blend/go-sdk/certutil/cert_bundle.go:97.2,101.8 2 0
github.com/blend/go-sdk/certutil/cert_bundle.go:90.47,92.3 1 0
github.com/blend/go-sdk/certutil/cert_bundle.go:94.47,96.3 1 0
github.com/blend/go-sdk/certutil/cert_bundle.go:106.54,109.2 2 0
github.com/blend/go-sdk/certutil/cert_bundle.go:112.54,113.41 1 3
github.com/blend/go-sdk/certutil/cert_bundle.go:118.2,118.12 1 3
github.com/blend/go-sdk/certutil/cert_bundle.go:113.41,114.91 1 5
github.com/blend/go-sdk/certutil/cert_bundle.go:114.91,116.4 1 0
github.com/blend/go-sdk/certutil/cert_bundle.go:122.48,124.48 2 0
github.com/blend/go-sdk/certutil/cert_bundle.go:127.2,127.28 1 0
github.com/blend/go-sdk/certutil/cert_bundle.go:124.48,126.3 1 0
github.com/blend/go-sdk/certutil/cert_bundle.go:131.53,133.2 1 2
github.com/blend/go-sdk/certutil/cert_bundle.go:136.47,138.47 2 0
github.com/blend/go-sdk/certutil/cert_bundle.go:141.2,141.28 1 0
github.com/blend/go-sdk/certutil/cert_bundle.go:138.47,140.3 1 0
github.com/blend/go-sdk/certutil/cert_bundle.go:145.54,146.31 1 2
github.com/blend/go-sdk/certutil/cert_bundle.go:149.2,150.39 2 2
github.com/blend/go-sdk/certutil/cert_bundle.go:155.2,155.20 1 2
github.com/blend/go-sdk/certutil/cert_bundle.go:146.31,148.3 1 0
github.com/blend/go-sdk/certutil/cert_bundle.go:150.39,151.36 1 4
github.com/blend/go-sdk/certutil/cert_bundle.go:151.36,153.4 1 3
github.com/blend/go-sdk/certutil/cert_bundle.go:159.57,161.16 2 0
github.com/blend/go-sdk/certutil/cert_bundle.go:164.2,164.37 1 0
github.com/blend/go-sdk/certutil/cert_bundle.go:167.2,167.24 1 0
github.com/blend/go-sdk/certutil/cert_bundle.go:161.16,163.3 1 0
github.com/blend/go-sdk/certutil/cert_bundle.go:164.37,166.3 1 0
github.com/blend/go-sdk/certutil/cert_file_watcher.go:18.108,19.37 1 1
github.com/blend/go-sdk/certutil/cert_file_watcher.go:23.2,29.27 2 1
github.com/blend/go-sdk/certutil/cert_file_watcher.go:36.2,36.36 1 1
github.com/blend/go-sdk/certutil/cert_file_watcher.go:39.2,39.16 1 1
github.com/blend/go-sdk/certutil/cert_file_watcher.go:19.37,21.3 1 0
github.com/blend/go-sdk/certutil/cert_file_watcher.go:29.27,30.33 1 0
github.com/blend/go-sdk/certutil/cert_file_watcher.go:30.33,32.4 1 0
github.com/blend/go-sdk/certutil/cert_file_watcher.go:36.36,38.3 1 0
github.com/blend/go-sdk/certutil/cert_file_watcher.go:48.94,49.42 1 0
github.com/blend/go-sdk/certutil/cert_file_watcher.go:49.42,52.3 2 0
github.com/blend/go-sdk/certutil/cert_file_watcher.go:56.76,57.42 1 0
github.com/blend/go-sdk/certutil/cert_file_watcher.go:57.42,60.3 2 0
github.com/blend/go-sdk/certutil/cert_file_watcher.go:77.66,78.25 1 0
github.com/blend/go-sdk/certutil/cert_file_watcher.go:81.2,81.31 1 0
github.com/blend/go-sdk/certutil/cert_file_watcher.go:78.25,80.3 1 0
github.com/blend/go-sdk/certutil/cert_file_watcher.go:85.49,86.15 1 2
github.com/blend/go-sdk/certutil/cert_file_watcher.go:92.2,93.20 2 2
github.com/blend/go-sdk/certutil/cert_file_watcher.go:97.2,98.8 2 2
github.com/blend/go-sdk/certutil/cert_file_watcher.go:86.15,87.25 1 2
github.com/blend/go-sdk/certutil/cert_file_watcher.go:87.25,89.4 1 0
github.com/blend/go-sdk/certutil/cert_file_watcher.go:93.20,96.3 2 0
github.com/blend/go-sdk/certutil/cert_file_watcher.go:102.93,104.2 1 0
github.com/blend/go-sdk/certutil/cert_file_watcher.go:107.42,111.16 3 0
[...]
github.com/blend/go-sdk/yaml/sorter.go:36.2,36.50 1 170
github.com/blend/go-sdk/yaml/sorter.go:39.2,40.46 2 137
github.com/blend/go-sdk/yaml/sorter.go:77.2,77.26 1 7
github.com/blend/go-sdk/yaml/sorter.go:17.67,20.3 2 218
github.com/blend/go-sdk/yaml/sorter.go:21.67,24.3 2 218
github.com/blend/go-sdk/yaml/sorter.go:27.16,28.15 1 52
github.com/blend/go-sdk/yaml/sorter.go:31.3,31.15 1 9
github.com/blend/go-sdk/yaml/sorter.go:34.3,34.23 1 0
github.com/blend/go-sdk/yaml/sorter.go:28.15,30.4 1 43
github.com/blend/go-sdk/yaml/sorter.go:31.15,33.4 1 9
github.com/blend/go-sdk/yaml/sorter.go:36.50,38.3 1 33
github.com/blend/go-sdk/yaml/sorter.go:40.46,41.21 1 221
github.com/blend/go-sdk/yaml/sorter.go:44.3,46.15 3 130
github.com/blend/go-sdk/yaml/sorter.go:49.3,49.15 1 73
github.com/blend/go-sdk/yaml/sorter.go:52.3,54.35 3 50
github.com/blend/go-sdk/yaml/sorter.go:63.3,63.61 1 50
github.com/blend/go-sdk/yaml/sorter.go:66.3,66.61 1 50
github.com/blend/go-sdk/yaml/sorter.go:69.3,69.15 1 50
github.com/blend/go-sdk/yaml/sorter.go:72.3,72.15 1 14
github.com/blend/go-sdk/yaml/sorter.go:75.3,75.23 1 8
github.com/blend/go-sdk/yaml/sorter.go:41.21,42.12 1 91
github.com/blend/go-sdk/yaml/sorter.go:46.15,48.4 1 57
github.com/blend/go-sdk/yaml/sorter.go:49.15,51.4 1 23
github.com/blend/go-sdk/yaml/sorter.go:54.35,55.58 1 21
github.com/blend/go-sdk/yaml/sorter.go:55.58,56.21 1 5
github.com/blend/go-sdk/yaml/sorter.go:56.21,59.11 3 1
github.com/blend/go-sdk/yaml/sorter.go:63.61,65.4 1 73
github.com/blend/go-sdk/yaml/sorter.go:66.61,68.4 1 55
github.com/blend/go-sdk/yaml/sorter.go:69.15,71.4 1 36
github.com/blend/go-sdk/yaml/sorter.go:72.15,74.4 1 6
github.com/blend/go-sdk/yaml/sorter.go:82.53,83.18 1 444
github.com/blend/go-sdk/yaml/sorter.go:96.2,96.17 1 307
github.com/blend/go-sdk/yaml/sorter.go:84.78,85.32 1 22
github.com/blend/go-sdk/yaml/sorter.go:86.40,87.25 1 74
github.com/blend/go-sdk/yaml/sorter.go:88.100,89.33 1 23
github.com/blend/go-sdk/yaml/sorter.go:90.20,91.15 1 18
github.com/blend/go-sdk/yaml/sorter.go:94.3,94.17 1 8
github.com/blend/go-sdk/yaml/sorter.go:91.15,93.4 1 10
github.com/blend/go-sdk/yaml/sorter.go:101.39,102.18 1 0
github.com/blend/go-sdk/yaml/sorter.go:112.2,112.23 1 0
github.com/blend/go-sdk/yaml/sorter.go:103.78,104.27 1 0
github.com/blend/go-sdk/yaml/sorter.go:105.40,106.31 1 0
github.com/blend/go-sdk/yaml/sorter.go:107.100,108.29 1 0
github.com/blend/go-sdk/yaml/sorter.go:109.20,110.31 1 0
github.com/blend/go-sdk/yaml/apic.go:7.77,11.72 1 4184
github.com/blend/go-sdk/yaml/apic.go:18.2,19.13 2 4184
github.com/blend/go-sdk/yaml/apic.go:22.2,23.48 2 940
github.com/blend/go-sdk/yaml/apic.go:11.72,12.47 1 972
github.com/blend/go-sdk/yaml/apic.go:15.3,16.25 2 972
github.com/blend/go-sdk/yaml/apic.go:12.47,14.4 1 66
github.com/blend/go-sdk/yaml/apic.go:19.13,21.3 1 3244
github.com/blend/go-sdk/yaml/apic.go:27.57,33.2 2 402
github.com/blend/go-sdk/yaml/apic.go:36.48,38.2 1 230
github.com/blend/go-sdk/yaml/apic.go:41.88,42.43 1 459
github.com/blend/go-sdk/yaml/apic.go:45.2,47.15 3 232
github.com/blend/go-sdk/yaml/apic.go:42.43,44.3 1 227
github.com/blend/go-sdk/yaml/apic.go:51.88,53.2 1 339
github.com/blend/go-sdk/yaml/apic.go:56.72,57.32 1 230
github.com/blend/go-sdk/yaml/apic.go:60.2,62.22 3 230
github.com/blend/go-sdk/yaml/apic.go:57.32,58.47 1 0
github.com/blend/go-sdk/yaml/apic.go:66.71,67.32 1 172
github.com/blend/go-sdk/yaml/apic.go:70.2,71.25 2 172
github.com/blend/go-sdk/yaml/apic.go:67.32,68.47 1 0
github.com/blend/go-sdk/yaml/apic.go:75.80,76.42 1 0
github.com/blend/go-sdk/yaml/apic.go:79.2,79.28 1 0
github.com/blend/go-sdk/yaml/apic.go:76.42,77.43 1 0
github.com/blend/go-sdk/yaml/apic.go:83.55,90.2 1 160
github.com/blend/go-sdk/yaml/apic.go:93.51,95.2 1 85
github.com/blend/go-sdk/yaml/apic.go:98.78,101.2 2 84
github.com/blend/go-sdk/yaml/apic.go:105.78,108.2 2 76
github.com/blend/go-sdk/yaml/apic.go:111.85,112.34 1 85
github.com/blend/go-sdk/yaml/apic.go:115.2,116.39 2 85
github.com/blend/go-sdk/yaml/apic.go:112.34,113.48 1 0
github.com/blend/go-sdk/yaml/apic.go:120.75,121.34 1 75
github.com/blend/go-sdk/yaml/apic.go:124.2,125.27 2 75
github.com/blend/go-sdk/yaml/apic.go:121.34,122.48 1 0
github.com/blend/go-sdk/yaml/apic.go:129.83,130.43 1 0
github.com/blend/go-sdk/yaml/apic.go:133.2,133.29 1 0
github.com/blend/go-sdk/yaml/apic.go:130.43,131.50 1 0
github.com/blend/go-sdk/yaml/apic.go:137.74,139.2 1 0
github.com/blend/go-sdk/yaml/apic.go:142.67,143.30 1 0
github.com/blend/go-sdk/yaml/apic.go:146.2,146.30 1 0
github.com/blend/go-sdk/yaml/apic.go:143.30,145.3 1 0
github.com/blend/go-sdk/yaml/apic.go:150.65,151.15 1 0
github.com/blend/go-sdk/yaml/apic.go:154.2,154.28 1 0
github.com/blend/go-sdk/yaml/apic.go:151.15,153.3 1 0
github.com/blend/go-sdk/yaml/apic.go:158.70,160.2 1 160
github.com/blend/go-sdk/yaml/apic.go:163.79,165.2 1 0
github.com/blend/go-sdk/yaml/apic.go:254.88,259.2 1 160
github.com/blend/go-sdk/yaml/apic.go:262.60,266.2 1 156
github.com/blend/go-sdk/yaml/apic.go:274.3,281.2 1 161
github.com/blend/go-sdk/yaml/apic.go:284.77,289.2 1 158
github.com/blend/go-sdk/yaml/apic.go:316.153,327.2 2 462
github.com/blend/go-sdk/yaml/apic.go:330.133,339.2 2 15
github.com/blend/go-sdk/yaml/apic.go:342.67,347.2 2 15
github.com/blend/go-sdk/yaml/apic.go:350.126,358.2 1 174
github.com/blend/go-sdk/yaml/apic.go:361.61,365.2 1 173
github.com/blend/go-sdk/yaml/apic.go:368.45,370.2 1 4762
github.com/blend/go-sdk/yaml/readerc.go:8.102,14.2 5 1
github.com/blend/go-sdk/yaml/readerc.go:25.65,27.70 1 402
github.com/blend/go-sdk/yaml/readerc.go:34.2,37.78 4 401
github.com/blend/go-sdk/yaml/readerc.go:52.2,52.13 1 401
github.com/blend/go-sdk/yaml/readerc.go:27.70,28.45 1 408
github.com/blend/go-sdk/yaml/readerc.go:28.45,30.4 1 1
github.com/blend/go-sdk/yaml/readerc.go:37.78,41.3 3 4
github.com/blend/go-sdk/yaml/readerc.go:41.8,41.85 1 397
github.com/blend/go-sdk/yaml/readerc.go:41.85,45.3 3 4
github.com/blend/go-sdk/yaml/readerc.go:45.8,45.108 1 393
github.com/blend/go-sdk/yaml/readerc.go:45.108,49.3 3 0
github.com/blend/go-sdk/yaml/readerc.go:49.8,51.3 1 393
github.com/blend/go-sdk/yaml/readerc.go:56.64,60.84 2 1587
github.com/blend/go-sdk/yaml/readerc.go:65.2,65.16 1 1587
github.com/blend/go-sdk/yaml/readerc.go:70.2,70.81 1 798
github.com/blend/go-sdk/yaml/readerc.go:73.2,79.19 5 798
github.com/blend/go-sdk/yaml/readerc.go:84.2,84.13 1 797
github.com/blend/go-sdk/yaml/readerc.go:60.84,62.3 1 0
github.com/blend/go-sdk/yaml/readerc.go:65.16,67.3 1 789
github.com/blend/go-sdk/yaml/readerc.go:70.81,72.3 1 0
github.com/blend/go-sdk/yaml/readerc.go:79.19,81.3 1 395
github.com/blend/go-sdk/yaml/readerc.go:81.8,81.23 1 403
github.com/blend/go-sdk/yaml/readerc.go:81.23,83.3 1 1
github.com/blend/go-sdk/yaml/readerc.go:91.72,92.32 1 1580
github.com/blend/go-sdk/yaml/readerc.go:101.2,101.67 1 1580
github.com/blend/go-sdk/yaml/readerc.go:111.2,111.29 1 1580
github.com/blend/go-sdk/yaml/readerc.go:116.2,116.42 1 1580
github.com/blend/go-sdk/yaml/readerc.go:123.2,124.61 2 1579
github.com/blend/go-sdk/yaml/readerc.go:134.2,138.29 3 1579
github.com/blend/go-sdk/yaml/readerc.go:406.2,406.26 1 1579
github.com/blend/go-sdk/yaml/readerc.go:410.2,411.13 2 1579
github.com/blend/go-sdk/yaml/readerc.go:92.32,93.36 1 0
github.com/blend/go-sdk/yaml/readerc.go:101.68,108.3 0 788
github.com/blend/go-sdk/yaml/readerc.go:111.29,113.3 1 0
github.com/blend/go-sdk/yaml/readerc.go:116.42,117.46 1 402
github.com/blend/go-sdk/yaml/readerc.go:117.46,119.4 1 1
github.com/blend/go-sdk/yaml/readerc.go:124.61,128.3 3 890
github.com/blend/go-sdk/yaml/readerc.go:128.8,128.44 1 689
github.com/blend/go-sdk/yaml/readerc.go:128.44,131.3 2 404
github.com/blend/go-sdk/yaml/readerc.go:138.29,141.64 1 1579
github.com/blend/go-sdk/yaml/readerc.go:147.3,151.55 2 1579
github.com/blend/go-sdk/yaml/readerc.go:394.3,394.17 1 1579
github.com/blend/go-sdk/yaml/readerc.go:141.64,142.46 1 1179
github.com/blend/go-sdk/yaml/readerc.go:142.46,145.5 2 0
github.com/blend/go-sdk/yaml/readerc.go:151.55,158.27 4 9287
github.com/blend/go-sdk/yaml/readerc.go:346.4,346.11 1 9287
github.com/blend/go-sdk/yaml/readerc.go:362.4,366.21 3 9287
github.com/blend/go-sdk/yaml/readerc.go:390.4,390.19 1 9287
github.com/blend/go-sdk/yaml/readerc.go:159.28,180.12 2 9159
github.com/blend/go-sdk/yaml/readerc.go:197.5,197.27 1 9159
github.com/blend/go-sdk/yaml/readerc.go:207.5,207.12 1 9159
github.com/blend/go-sdk/yaml/readerc.go:221.5,221.32 1 9159
github.com/blend/go-sdk/yaml/readerc.go:236.5,236.12 1 9159
github.com/blend/go-sdk/yaml/readerc.go:248.5,248.63 1 9159
github.com/blend/go-sdk/yaml/readerc.go:254.54,256.49 2 128
github.com/blend/go-sdk/yaml/readerc.go:287.5,287.23 1 128
github.com/blend/go-sdk/yaml/readerc.go:297.5,301.31 2 128
github.com/blend/go-sdk/yaml/readerc.go:308.5,308.31 1 128
github.com/blend/go-sdk/yaml/readerc.go:338.12,339.24 1 0
github.com/blend/go-sdk/yaml/readerc.go:181.29,182.15 1 9153
github.com/blend/go-sdk/yaml/readerc.go:183.29,184.15 1 0
github.com/blend/go-sdk/yaml/readerc.go:185.29,186.15 1 6
github.com/blend/go-sdk/yaml/readerc.go:187.29,188.15 1 0
github.com/blend/go-sdk/yaml/readerc.go:189.13,193.33 1 0
github.com/blend/go-sdk/yaml/readerc.go:197.27,198.20 1 0
github.com/blend/go-sdk/yaml/readerc.go:203.6,203.17 1 0
github.com/blend/go-sdk/yaml/readerc.go:198.20,202.7 1 0
github.com/blend/go-sdk/yaml/readerc.go:208.29,209.32 1 9153
github.com/blend/go-sdk/yaml/readerc.go:210.29,211.32 1 0
github.com/blend/go-sdk/yaml/readerc.go:212.29,213.32 1 6
github.com/blend/go-sdk/yaml/readerc.go:214.29,215.32 1 0
github.com/blend/go-sdk/yaml/readerc.go:216.13,217.15 1 0
github.com/blend/go-sdk/yaml/readerc.go:221.32,225.32 2 12
github.com/blend/go-sdk/yaml/readerc.go:232.6,232.45 1 12
github.com/blend/go-sdk/yaml/readerc.go:225.32,229.7 1 0
github.com/blend/go-sdk/yaml/readerc.go:237.21,237.21 0 9153
github.com/blend/go-sdk/yaml/readerc.go:238.38,238.38 0 0
github.com/blend/go-sdk/yaml/readerc.go:239.39,239.39 0 6
github.com/blend/go-sdk/yaml/readerc.go:240.41,240.41 0 0
github.com/blend/go-sdk/yaml/readerc.go:241.13,244.25 1 0
github.com/blend/go-sdk/yaml/readerc.go:248.63,252.6 1 0
github.com/blend/go-sdk/yaml/readerc.go:256.49,258.6 1 64
github.com/blend/go-sdk/yaml/readerc.go:258.11,260.6 1 64
github.com/blend/go-sdk/yaml/readerc.go:287.23,288.20 1 0
github.com/blend/go-sdk/yaml/readerc.go:293.6,293.17 1 0
github.com/blend/go-sdk/yaml/readerc.go:288.20,292.7 1 0
github.com/blend/go-sdk/yaml/readerc.go:301.31,305.6 1 0
github.com/blend/go-sdk/yaml/readerc.go:308.31,312.24 2 4
github.com/blend/go-sdk/yaml/readerc.go:322.6,326.33 2 4
github.com/blend/go-sdk/yaml/readerc.go:333.6,333.66 1 4
github.com/blend/go-sdk/yaml/readerc.go:312.24,313.21 1 0
github.com/blend/go-sdk/yaml/readerc.go:318.7,318.18 1 0
github.com/blend/go-sdk/yaml/readerc.go:313.21,317.8 1 0
github.com/blend/go-sdk/yaml/readerc.go:326.33,330.7 1 0
github.com/blend/go-sdk/yaml/readerc.go:334.11,336.6 1 124
github.com/blend/go-sdk/yaml/readerc.go:347.23,347.23 0 2
github.com/blend/go-sdk/yaml/readerc.go:348.23,348.23 0 374
github.com/blend/go-sdk/yaml/readerc.go:349.23,349.23 0 1
github.com/blend/go-sdk/yaml/readerc.go:350.40,350.40 0 8884
github.com/blend/go-sdk/yaml/readerc.go:351.23,351.23 0 0
github.com/blend/go-sdk/yaml/readerc.go:352.42,352.42 0 16
github.com/blend/go-sdk/yaml/readerc.go:353.44,353.44 0 6
github.com/blend/go-sdk/yaml/readerc.go:354.47,354.47 0 4
github.com/blend/go-sdk/yaml/readerc.go:355.12,358.32 1 0
github.com/blend/go-sdk/yaml/readerc.go:366.21,370.5 2 9261
github.com/blend/go-sdk/yaml/readerc.go:370.10,370.29 1 26
github.com/blend/go-sdk/yaml/readerc.go:370.29,375.5 3 16
github.com/blend/go-sdk/yaml/readerc.go:375.10,375.30 1 10
github.com/blend/go-sdk/yaml/readerc.go:375.30,381.5 4 6
github.com/blend/go-sdk/yaml/readerc.go:381.10,388.5 5 4
github.com/blend/go-sdk/yaml/readerc.go:394.17,398.9 4 1183
github.com/blend/go-sdk/yaml/readerc.go:406.26,409.3 2 449
github.com/blend/go-sdk/yaml/yamlprivateh.go:26.37,28.2 1 674
github.com/blend/go-sdk/yaml/yamlprivateh.go:31.37,33.2 1 16
github.com/blend/go-sdk/yaml/yamlprivateh.go:36.36,38.2 1 4
github.com/blend/go-sdk/yaml/yamlprivateh.go:41.35,43.2 1 16
github.com/blend/go-sdk/yaml/yamlprivateh.go:46.34,48.28 2 16
github.com/blend/go-sdk/yaml/yamlprivateh.go:51.2,51.28 1 16
github.com/blend/go-sdk/yaml/yamlprivateh.go:54.2,54.22 1 16
github.com/blend/go-sdk/yaml/yamlprivateh.go:48.28,50.3 1 0
github.com/blend/go-sdk/yaml/yamlprivateh.go:51.28,53.3 1 0
github.com/blend/go-sdk/yaml/yamlprivateh.go:58.37,60.2 1 1259
github.com/blend/go-sdk/yaml/yamlprivateh.go:63.41,73.2 1 1337
github.com/blend/go-sdk/yaml/yamlprivateh.go:76.33,78.2 1 2577
github.com/blend/go-sdk/yaml/yamlprivateh.go:81.35,83.2 1 739
github.com/blend/go-sdk/yaml/yamlprivateh.go:86.37,88.2 1 2436
github.com/blend/go-sdk/yaml/yamlprivateh.go:91.35,93.2 1 66
github.com/blend/go-sdk/yaml/yamlprivateh.go:96.37,99.2 1 2798
github.com/blend/go-sdk/yaml/yamlprivateh.go:102.37,108.2 1 6732
github.com/blend/go-sdk/yaml/yamlprivateh.go:110.36,112.2 1 148
github.com/blend/go-sdk/yaml/yamlprivateh.go:115.38,125.2 1 858
github.com/blend/go-sdk/yaml/yamlprivateh.go:128.38,139.2 1 0
github.com/blend/go-sdk/yaml/yamlprivateh.go:142.38,153.2 1 9877
github.com/blend/go-sdk/yaml/yamlprivateh.go:156.24,159.20 1 11858
github.com/blend/go-sdk/yaml/yamlprivateh.go:162.2,162.20 1 42
github.com/blend/go-sdk/yaml/yamlprivateh.go:165.2,165.20 1 26
github.com/blend/go-sdk/yaml/yamlprivateh.go:168.2,168.20 1 4
github.com/blend/go-sdk/yaml/yamlprivateh.go:171.2,171.10 1 0
github.com/blend/go-sdk/yaml/yamlprivateh.go:159.20,161.3 1 11816
github.com/blend/go-sdk/yaml/yamlprivateh.go:162.20,164.3 1 16
github.com/blend/go-sdk/yaml/yamlprivateh.go:165.20,167.3 1 22
github.com/blend/go-sdk/yaml/yamlprivateh.go:168.20,170.3 1 4
github.com/blend/go-sdk/yaml/encode.go:26.28,32.2 5 85
github.com/blend/go-sdk/yaml/encode.go:34.49,40.2 5 75
github.com/blend/go-sdk/yaml/encode.go:42.26,43.16 1 161
github.com/blend/go-sdk/yaml/encode.go:46.2,48.19 3 160
github.com/blend/go-sdk/yaml/encode.go:43.16,45.3 1 1
github.com/blend/go-sdk/yaml/encode.go:51.28,55.2 3 156
github.com/blend/go-sdk/yaml/encode.go:57.29,59.2 1 85
github.com/blend/go-sdk/yaml/encode.go:61.26,64.2 1 1474
github.com/blend/go-sdk/yaml/encode.go:66.33,67.9 1 1966
github.com/blend/go-sdk/yaml/encode.go:67.9,69.16 2 1
github.com/blend/go-sdk/yaml/encode.go:72.3,72.19 1 1
github.com/blend/go-sdk/yaml/encode.go:69.16,71.4 1 0
github.com/blend/go-sdk/yaml/encode.go:76.60,83.2 6 161
github.com/blend/go-sdk/yaml/encode.go:85.57,86.61 1 815
github.com/blend/go-sdk/yaml/encode.go:90.2,91.27 2 809
github.com/blend/go-sdk/yaml/encode.go:117.2,117.19 1 803
github.com/blend/go-sdk/yaml/encode.go:86.61,89.3 2 6
github.com/blend/go-sdk/yaml/encode.go:92.29,92.29 0 10
github.com/blend/go-sdk/yaml/encode.go:97.17,99.17 2 7
github.com/blend/go-sdk/yaml/encode.go:102.3,102.15 1 6
github.com/blend/go-sdk/yaml/encode.go:106.3,106.26 1 5
github.com/blend/go-sdk/yaml/encode.go:107.30,109.17 2 2
github.com/blend/go-sdk/yaml/encode.go:112.3,112.37 1 2
github.com/blend/go-sdk/yaml/encode.go:113.11,115.9 2 4
github.com/blend/go-sdk/yaml/encode.go:99.17,101.4 1 1
github.com/blend/go-sdk/yaml/encode.go:102.15,105.4 2 1
github.com/blend/go-sdk/yaml/encode.go:109.17,111.4 1 0
github.com/blend/go-sdk/yaml/encode.go:118.25,119.28 1 91
github.com/blend/go-sdk/yaml/encode.go:120.19,121.18 1 98
github.com/blend/go-sdk/yaml/encode.go:122.19,123.31 1 75
github.com/blend/go-sdk/yaml/encode.go:128.22,129.28 1 79
github.com/blend/go-sdk/yaml/encode.go:134.36,135.38 1 19
github.com/blend/go-sdk/yaml/encode.go:140.22,141.21 1 288
github.com/blend/go-sdk/yaml/encode.go:142.78,143.32 1 118
github.com/blend/go-sdk/yaml/encode.go:148.100,149.19 1 6
github.com/blend/go-sdk/yaml/encode.go:150.40,151.20 1 21
github.com/blend/go-sdk/yaml/encode.go:152.20,153.19 1 8
github.com/blend/go-sdk/yaml/encode.go:154.10,155.54 1 0
github.com/blend/go-sdk/yaml/encode.go:123.31,125.4 1 4
github.com/blend/go-sdk/yaml/encode.go:125.9,127.4 1 71
github.com/blend/go-sdk/yaml/encode.go:129.28,131.4 1 6
github.com/blend/go-sdk/yaml/encode.go:131.9,133.4 1 73
github.com/blend/go-sdk/yaml/encode.go:135.38,137.4 1 4
github.com/blend/go-sdk/yaml/encode.go:137.9,139.4 1 15
github.com/blend/go-sdk/yaml/encode.go:143.32,145.4 1 2
github.com/blend/go-sdk/yaml/encode.go:145.9,147.4 1 116
github.com/blend/go-sdk/yaml/encode.go:159.54,160.25 1 98
github.com/blend/go-sdk/yaml/encode.go:160.25,163.26 3 98
github.com/blend/go-sdk/yaml/encode.go:163.26,166.4 2 142
github.com/blend/go-sdk/yaml/encode.go:170.56,171.25 1 4
github.com/blend/go-sdk/yaml/encode.go:171.25,173.30 2 4
github.com/blend/go-sdk/yaml/encode.go:173.30,176.4 2 12
github.com/blend/go-sdk/yaml/encode.go:180.57,182.16 2 73
github.com/blend/go-sdk/yaml/encode.go:185.2,185.25 1 72
github.com/blend/go-sdk/yaml/encode.go:182.16,183.13 1 1
github.com/blend/go-sdk/yaml/encode.go:185.25,186.41 1 72
github.com/blend/go-sdk/yaml/encode.go:200.3,200.27 1 72
github.com/blend/go-sdk/yaml/encode.go:186.41,188.26 2 88
github.com/blend/go-sdk/yaml/encode.go:193.4,193.39 1 88
github.com/blend/go-sdk/yaml/encode.go:196.4,198.24 3 72
github.com/blend/go-sdk/yaml/encode.go:188.26,190.5 1 84
github.com/blend/go-sdk/yaml/encode.go:190.10,192.5 1 4
github.com/blend/go-sdk/yaml/encode.go:193.39,194.13 1 16
github.com/blend/go-sdk/yaml/encode.go:200.27,202.19 2 3
github.com/blend/go-sdk/yaml/encode.go:202.19,206.28 4 3
github.com/blend/go-sdk/yaml/encode.go:206.28,207.56 1 5
github.com/blend/go-sdk/yaml/encode.go:210.6,212.34 3 4
github.com/blend/go-sdk/yaml/encode.go:207.56,208.102 1 1
github.com/blend/go-sdk/yaml/encode.go:219.50,222.12 3 174
github.com/blend/go-sdk/yaml/encode.go:226.2,230.10 5 174
github.com/blend/go-sdk/yaml/encode.go:222.12,225.3 2 10
github.com/blend/go-sdk/yaml/encode.go:233.56,236.12 3 15
github.com/blend/go-sdk/yaml/encode.go:240.2,243.25 4 15
github.com/blend/go-sdk/yaml/encode.go:246.2,247.10 2 15
github.com/blend/go-sdk/yaml/encode.go:236.12,239.3 2 2
github.com/blend/go-sdk/yaml/encode.go:243.25,245.3 1 32
github.com/blend/go-sdk/yaml/encode.go:255.44,257.13 1 271
github.com/blend/go-sdk/yaml/encode.go:260.2,261.86 2 271
github.com/blend/go-sdk/yaml/encode.go:265.2,265.35 1 2
github.com/blend/go-sdk/yaml/encode.go:257.13,259.3 1 0
github.com/blend/go-sdk/yaml/encode.go:261.86,263.3 1 269
github.com/blend/go-sdk/yaml/encode.go:272.57,276.9 4 290
github.com/blend/go-sdk/yaml/encode.go:298.2,298.9 1 290
github.com/blend/go-sdk/yaml/encode.go:306.2,306.33 1 290
github.com/blend/go-sdk/yaml/encode.go:277.28,278.29 1 4
github.com/blend/go-sdk/yaml/encode.go:281.3,281.16 1 4
github.com/blend/go-sdk/yaml/encode.go:286.3,287.22 2 4
github.com/blend/go-sdk/yaml/encode.go:288.17,293.58 2 286
github.com/blend/go-sdk/yaml/encode.go:278.29,280.4 1 0
github.com/blend/go-sdk/yaml/encode.go:281.16,283.4 1 0
github.com/blend/go-sdk/yaml/encode.go:299.33,300.36 1 4
github.com/blend/go-sdk/yaml/encode.go:301.19,302.34 1 269
github.com/blend/go-sdk/yaml/encode.go:303.10,304.42 1 17
github.com/blend/go-sdk/yaml/encode.go:309.55,311.15 2 8
github.com/blend/go-sdk/yaml/encode.go:316.2,316.51 1 8
github.com/blend/go-sdk/yaml/encode.go:311.15,313.3 1 5
github.com/blend/go-sdk/yaml/encode.go:313.8,315.3 1 3
github.com/blend/go-sdk/yaml/encode.go:319.54,322.2 2 116
github.com/blend/go-sdk/yaml/encode.go:324.55,327.2 2 6
github.com/blend/go-sdk/yaml/encode.go:329.55,333.2 3 10
github.com/blend/go-sdk/yaml/encode.go:335.56,338.34 2 21
github.com/blend/go-sdk/yaml/encode.go:342.2,343.11 2 21
github.com/blend/go-sdk/yaml/encode.go:351.2,351.51 1 21
github.com/blend/go-sdk/yaml/encode.go:338.34,340.3 1 2
github.com/blend/go-sdk/yaml/encode.go:344.14,345.13 1 2
github.com/blend/go-sdk/yaml/encode.go:346.14,347.14 1 2
github.com/blend/go-sdk/yaml/encode.go:348.13,349.13 1 2
github.com/blend/go-sdk/yaml/encode.go:354.26,356.2 1 11
github.com/blend/go-sdk/yaml/encode.go:358.84,362.2 3 462
